INFO 2020-07-08 20:34:21,039 autoreload 598 Watching for file changes with StatReloader
INFO 2020-07-08 20:39:23,890 autoreload 598 Watching for file changes with StatReloader
INFO 2020-07-08 20:39:26,137 basehttp 157 "GET / HTTP/1.1" 200 16351
WARNING 2020-07-08 20:39:26,227 log 228 Not Found: /favicon.ico
WARNING 2020-07-08 20:39:26,228 basehttp 157 "GET /favicon.ico HTTP/1.1" 404 1973
INFO 2020-07-08 20:39:27,680 basehttp 157 "GET / HTTP/1.1" 200 16351
INFO 2020-07-08 20:41:40,289 basehttp 157 "GET / HTTP/1.1" 200 16351
INFO 2020-07-08 20:41:45,305 autoreload 598 Watching for file changes with StatReloader
INFO 2020-07-08 20:41:48,916 basehttp 157 "GET / HTTP/1.1" 200 16351
INFO 2020-07-08 20:44:56,134 autoreload 222 C:\Users\A Yong\PycharmProjects\中期项目阶段\Project\edu_api\edu_api\settings\develop.py changed, reloading.
INFO 2020-07-08 20:44:56,831 autoreload 598 Watching for file changes with StatReloader
INFO 2020-07-08 20:45:05,211 autoreload 222 C:\Users\A Yong\PycharmProjects\中期项目阶段\Project\edu_api\edu_api\settings\develop.py changed, reloading.
INFO 2020-07-08 20:45:05,945 autoreload 598 Watching for file changes with StatReloader
INFO 2020-07-08 20:45:27,171 autoreload 222 C:\Users\A Yong\PycharmProjects\中期项目阶段\Project\edu_api\edu_api\settings\develop.py changed, reloading.
INFO 2020-07-08 20:45:27,831 autoreload 598 Watching for file changes with StatReloader
ERROR 2020-07-08 21:04:40,811 exception 77 Invalid HTTP_HOST header: 'www.baizhishop.com:9001'. You may need to add 'www.baizhishop.com' to ALLOWED_HOSTS.
WARNING 2020-07-08 21:04:40,849 log 228 Bad Request: /
WARNING 2020-07-08 21:04:40,850 basehttp 157 "GET / HTTP/1.1" 400 67121
ERROR 2020-07-08 21:04:41,052 exception 77 Invalid HTTP_HOST header: 'www.baizhishop.com:9001'. You may need to add 'www.baizhishop.com' to ALLOWED_HOSTS.
WARNING 2020-07-08 21:04:41,090 log 228 Bad Request: /favicon.ico
WARNING 2020-07-08 21:04:41,090 basehttp 157 "GET /favicon.ico HTTP/1.1" 400 67169
INFO 2020-07-08 21:05:11,353 autoreload 222 C:\Users\A Yong\PycharmProjects\中期项目阶段\Project\edu_api\edu_api\settings\develop.py changed, reloading.
INFO 2020-07-08 21:05:12,092 autoreload 598 Watching for file changes with StatReloader
INFO 2020-07-08 21:05:26,521 basehttp 157 "GET / HTTP/1.1" 200 16351
INFO 2020-07-08 21:05:26,538 basehttp 157 "GET /static/admin/css/fonts.css HTTP/1.1" 200 423
INFO 2020-07-08 21:05:26,569 basehttp 157 "GET /static/admin/fonts/Roboto-Bold-webfont.woff HTTP/1.1" 200 86184
INFO 2020-07-08 21:05:26,570 basehttp 157 "GET /static/admin/fonts/Roboto-Regular-webfont.woff HTTP/1.1" 200 85876
INFO 2020-07-08 21:05:26,570 basehttp 157 "GET /static/admin/fonts/Roboto-Light-webfont.woff HTTP/1.1" 200 85692
WARNING 2020-07-08 21:05:26,573 log 228 Not Found: /favicon.ico
WARNING 2020-07-08 21:05:26,574 basehttp 157 "GET /favicon.ico HTTP/1.1" 404 1982
INFO 2020-07-08 21:06:03,539 basehttp 157 "GET / HTTP/1.1" 200 16351
INFO 2020-07-08 21:06:03,579 basehttp 157 "GET /static/admin/css/fonts.css HTTP/1.1" 200 423
INFO 2020-07-08 21:06:03,627 basehttp 157 "GET /static/admin/fonts/Roboto-Regular-webfont.woff HTTP/1.1" 200 85876
INFO 2020-07-08 21:06:03,627 basehttp 157 "GET /static/admin/fonts/Roboto-Bold-webfont.woff HTTP/1.1" 200 86184
INFO 2020-07-08 21:06:03,627 basehttp 157 "GET /static/admin/fonts/Roboto-Light-webfont.woff HTTP/1.1" 200 85692
WARNING 2020-07-08 21:06:03,640 log 228 Not Found: /favicon.ico
WARNING 2020-07-08 21:06:03,640 basehttp 157 "GET /favicon.ico HTTP/1.1" 404 1982
INFO 2020-07-08 21:32:56,617 autoreload 222 C:\Users\A Yong\PycharmProjects\中期项目阶段\Project\edu_api\edu_api\settings\develop.py changed, reloading.
INFO 2020-07-08 21:32:57,297 autoreload 598 Watching for file changes with StatReloader
INFO 2020-07-08 21:33:13,830 autoreload 222 C:\Users\A Yong\PycharmProjects\中期项目阶段\Project\edu_api\edu_api\settings\develop.py changed, reloading.
INFO 2020-07-08 21:33:14,463 autoreload 598 Watching for file changes with StatReloader
INFO 2020-07-08 21:33:19,351 autoreload 222 C:\Users\A Yong\PycharmProjects\中期项目阶段\Project\edu_api\edu_api\settings\develop.py changed, reloading.
INFO 2020-07-08 21:33:49,861 autoreload 598 Watching for file changes with StatReloader
INFO 2020-07-08 21:34:57,500 autoreload 222 C:\Users\A Yong\PycharmProjects\中期项目阶段\Project\edu_api\edu_api\settings\develop.py changed, reloading.
INFO 2020-07-08 21:34:58,187 autoreload 598 Watching for file changes with StatReloader
INFO 2020-07-08 21:36:23,246 autoreload 222 C:\Users\A Yong\PycharmProjects\中期项目阶段\Project\edu_api\edu_api\urls.py changed, reloading.
INFO 2020-07-08 21:36:23,935 autoreload 598 Watching for file changes with StatReloader
INFO 2020-07-08 21:37:11,837 autoreload 222 C:\Users\A Yong\PycharmProjects\中期项目阶段\Project\edu_api\edu_api\settings\develop.py changed, reloading.
INFO 2020-07-08 21:37:12,475 autoreload 598 Watching for file changes with StatReloader
INFO 2020-07-08 21:37:32,518 autoreload 222 C:\Users\A Yong\PycharmProjects\中期项目阶段\Project\edu_api\edu_api\settings\develop.py changed, reloading.
INFO 2020-07-08 21:37:33,167 autoreload 598 Watching for file changes with StatReloader
INFO 2020-07-08 21:53:01,697 autoreload 598 Watching for file changes with StatReloader
INFO 2020-07-08 21:53:43,916 autoreload 598 Watching for file changes with StatReloader
ERROR 2020-07-08 21:53:50,402 exception 77 Invalid HTTP_HOST header: '127.0.0.1:9001'. You may need to add '127.0.0.1' to ALLOWED_HOSTS.
WARNING 2020-07-08 21:53:50,455 log 228 Bad Request: /
WARNING 2020-07-08 21:53:50,455 basehttp 157 "GET / HTTP/1.1" 400 68729
WARNING 2020-07-08 21:53:53,850 log 228 Not Found: /
WARNING 2020-07-08 21:53:53,850 basehttp 157 "GET / HTTP/1.1" 404 2055
ERROR 2020-07-08 21:53:55,910 exception 77 Invalid HTTP_HOST header: '127.0.0.1:9001'. You may need to add '127.0.0.1' to ALLOWED_HOSTS.
WARNING 2020-07-08 21:53:55,944 log 228 Bad Request: /
WARNING 2020-07-08 21:53:55,944 basehttp 157 "GET / HTTP/1.1" 400 68866
WARNING 2020-07-08 21:53:58,740 log 228 Not Found: /
WARNING 2020-07-08 21:53:58,740 basehttp 157 "GET / HTTP/1.1" 404 2055
WARNING 2020-07-08 21:53:59,526 log 228 Not Found: /
WARNING 2020-07-08 21:53:59,526 basehttp 157 "GET / HTTP/1.1" 404 2055
WARNING 2020-07-08 21:54:00,387 log 228 Not Found: /
WARNING 2020-07-08 21:54:00,387 basehttp 157 "GET / HTTP/1.1" 404 2055
INFO 2020-07-08 21:54:06,730 autoreload 598 Watching for file changes with StatReloader
ERROR 2020-07-08 21:54:16,317 exception 77 Invalid HTTP_HOST header: '127.0.0.1:9001'. You may need to add '127.0.0.1' to ALLOWED_HOSTS.
WARNING 2020-07-08 21:54:16,362 log 228 Bad Request: /
WARNING 2020-07-08 21:54:16,363 basehttp 157 "GET / HTTP/1.1" 400 68729
WARNING 2020-07-08 21:54:35,508 log 228 Not Found: /
WARNING 2020-07-08 21:54:35,509 basehttp 157 "GET / HTTP/1.1" 404 2055
INFO 2020-07-08 21:55:02,105 autoreload 222 C:\Users\A Yong\PycharmProjects\中期项目阶段\Project\edu_api\edu_api\settings\develop.py changed, reloading.
INFO 2020-07-08 21:55:02,764 autoreload 598 Watching for file changes with StatReloader
INFO 2020-07-08 21:55:14,744 autoreload 222 C:\Users\A Yong\PycharmProjects\中期项目阶段\Project\edu_api\edu_api\settings\develop.py changed, reloading.
INFO 2020-07-08 21:55:15,440 autoreload 598 Watching for file changes with StatReloader
INFO 2020-07-08 21:55:19,170 autoreload 222 C:\Users\A Yong\PycharmProjects\中期项目阶段\Project\edu_api\edu_api\settings\develop.py changed, reloading.
INFO 2020-07-08 21:55:19,824 autoreload 598 Watching for file changes with StatReloader
INFO 2020-07-08 21:55:22,452 autoreload 222 C:\Users\A Yong\PycharmProjects\中期项目阶段\Project\edu_api\edu_api\settings\develop.py changed, reloading.
INFO 2020-07-08 22:05:01,957 autoreload 598 Watching for file changes with StatReloader
WARNING 2020-07-08 22:05:08,410 log 228 Not Found: /
WARNING 2020-07-08 22:05:08,410 basehttp 157 "GET / HTTP/1.1" 404 2055
WARNING 2020-07-08 22:34:15,953 base 93 Not Found: /
WARNING 2020-07-08 22:34:15,953 basehttp 124 "GET / HTTP/1.1" 404 2056
INFO 2020-07-08 22:34:22,841 basehttp 124 "GET /xadmin/ HTTP/1.1" 200 4167
INFO 2020-07-08 22:34:22,855 basehttp 124 "GET /static/xadmin/vendor/bootstrap/css/bootstrap.css HTTP/1.1" 200 126432
INFO 2020-07-08 22:34:22,863 basehttp 124 "GET /static/xadmin/css/themes/bootstrap-xadmin.css HTTP/1.1" 200 1888
INFO 2020-07-08 22:34:22,864 basehttp 124 "GET /static/xadmin/css/xadmin.responsive.css HTTP/1.1" 200 4361
INFO 2020-07-08 22:34:22,865 basehttp 124 "GET /static/xadmin/css/xadmin.plugins.css HTTP/1.1" 200 175
INFO 2020-07-08 22:34:22,869 basehttp 124 "GET /static/xadmin/vendor/font-awesome/css/font-awesome.css HTTP/1.1" 200 21658
INFO 2020-07-08 22:34:22,870 basehttp 124 "GET /static/xadmin/css/xadmin.main.css HTTP/1.1" 200 8376
INFO 2020-07-08 22:34:22,879 basehttp 124 "GET /static/xadmin/vendor/jquery-ui/jquery.ui.widget.js HTTP/1.1" 200 15069
INFO 2020-07-08 22:34:22,880 basehttp 124 "GET /static/xadmin/vendor/jquery-ui/jquery.ui.mouse.js HTTP/1.1" 200 4561
INFO 2020-07-08 22:34:22,884 basehttp 124 "GET /static/xadmin/vendor/jquery-ui/jquery.ui.core.js HTTP/1.1" 200 8195
INFO 2020-07-08 22:34:22,884 basehttp 124 "GET /xadmin/jsi18n/ HTTP/1.1" 200 4174
INFO 2020-07-08 22:34:22,884 basehttp 124 "GET /static/xadmin/js/xadmin.main.js HTTP/1.1" 200 3401
INFO 2020-07-08 22:34:22,888 basehttp 124 "GET /static/xadmin/js/xadmin.responsive.js HTTP/1.1" 200 4165
INFO 2020-07-08 22:34:22,889 basehttp 124 "GET /static/xadmin/vendor/jquery-ui/jquery.ui.sortable.js HTTP/1.1" 200 42543
INFO 2020-07-08 22:34:22,891 basehttp 124 "GET /static/xadmin/vendor/jquery/jquery.js HTTP/1.1" 200 240196
INFO 2020-07-08 22:34:22,891 basehttp 124 "GET /static/xadmin/vendor/bootstrap/js/bootstrap.js HTTP/1.1" 200 58327
INFO 2020-07-08 22:34:22,936 basehttp 124 "GET /static/xadmin/vendor/font-awesome/fonts/fontawesome-webfont.woff?v=4.0.3 HTTP/1.1" 200 44432
INFO 2020-07-08 22:36:08,701 basehttp 124 "POST /xadmin/ HTTP/1.1" 302 0
INFO 2020-07-08 22:36:12,763 basehttp 124 "GET /xadmin/ HTTP/1.1" 200 9843
INFO 2020-07-08 22:36:12,789 basehttp 124 "GET /static/xadmin/vendor/bootstrap/css/bootstrap.css HTTP/1.1" 304 0
INFO 2020-07-08 22:36:12,790 basehttp 124 "GET /static/xadmin/css/xadmin.main.css HTTP/1.1" 304 0
INFO 2020-07-08 22:36:12,792 basehttp 124 "GET /static/xadmin/css/xadmin.plugins.css HTTP/1.1" 304 0
INFO 2020-07-08 22:36:12,793 basehttp 124 "GET /static/xadmin/css/themes/bootstrap-xadmin.css HTTP/1.1" 304 0
INFO 2020-07-08 22:36:12,793 basehttp 124 "GET /static/xadmin/vendor/font-awesome/css/font-awesome.css HTTP/1.1" 304 0
INFO 2020-07-08 22:36:12,795 basehttp 124 "GET /static/xadmin/css/xadmin.page.dashboard.css HTTP/1.1" 200 790
INFO 2020-07-08 22:36:12,798 basehttp 124 "GET /static/xadmin/css/xadmin.responsive.css HTTP/1.1" 304 0
INFO 2020-07-08 22:36:12,803 basehttp 124 "GET /static/xadmin/vendor/jquery/jquery.js HTTP/1.1" 304 0
INFO 2020-07-08 22:36:12,804 basehttp 124 "GET /static/xadmin/vendor/jquery-ui/jquery.ui.core.js HTTP/1.1" 304 0
INFO 2020-07-08 22:36:12,805 basehttp 124 "GET /static/xadmin/js/xadmin.page.dashboard.js HTTP/1.1" 200 3208
INFO 2020-07-08 22:36:12,806 basehttp 124 "GET /static/xadmin/vendor/jquery-ui/jquery.ui.widget.js HTTP/1.1" 304 0
INFO 2020-07-08 22:36:12,807 basehttp 124 "GET /static/xadmin/js/xadmin.plugin.portal.js HTTP/1.1" 200 1000
INFO 2020-07-08 22:36:12,809 basehttp 124 "GET /static/xadmin/vendor/jquery-ui/jquery.ui.sortable.js HTTP/1.1" 304 0
INFO 2020-07-08 22:36:12,811 basehttp 124 "GET /static/xadmin/js/xadmin.main.js HTTP/1.1" 304 0
INFO 2020-07-08 22:36:12,815 basehttp 124 "GET /static/xadmin/js/xadmin.responsive.js HTTP/1.1" 304 0
INFO 2020-07-08 22:36:12,815 basehttp 124 "GET /static/xadmin/vendor/bootstrap/js/bootstrap.js HTTP/1.1" 304 0
INFO 2020-07-08 22:36:12,816 basehttp 124 "GET /static/xadmin/vendor/jquery-ui/jquery.ui.mouse.js HTTP/1.1" 304 0
INFO 2020-07-08 22:36:26,943 basehttp 124 "GET /xadmin/ HTTP/1.1" 200 9843
INFO 2020-07-08 22:36:30,993 basehttp 124 "GET /xadmin/jsi18n/ HTTP/1.1" 200 3185
INFO 2020-07-08 22:36:31,016 basehttp 124 "GET /static/xadmin/vendor/font-awesome/fonts/fontawesome-webfont.woff?v=4.0.3 HTTP/1.1" 304 0
INFO 2020-07-08 22:38:02,022 basehttp 124 "GET /xadmin/ HTTP/1.1" 200 9843
INFO 2020-07-08 22:38:02,047 basehttp 124 "GET /static/xadmin/vendor/bootstrap/css/bootstrap.css HTTP/1.1" 304 0
INFO 2020-07-08 22:38:02,051 basehttp 124 "GET /static/xadmin/css/themes/bootstrap-xadmin.css HTTP/1.1" 304 0
INFO 2020-07-08 22:38:02,056 basehttp 124 "GET /static/xadmin/vendor/font-awesome/css/font-awesome.css HTTP/1.1" 304 0
INFO 2020-07-08 22:38:02,059 basehttp 124 "GET /static/xadmin/css/xadmin.page.dashboard.css HTTP/1.1" 304 0
INFO 2020-07-08 22:38:02,059 basehttp 124 "GET /static/xadmin/vendor/jquery/jquery.js HTTP/1.1" 304 0
INFO 2020-07-08 22:38:02,059 basehttp 124 "GET /static/xadmin/css/xadmin.main.css HTTP/1.1" 304 0
INFO 2020-07-08 22:38:02,060 basehttp 124 "GET /static/xadmin/css/xadmin.plugins.css HTTP/1.1" 304 0
INFO 2020-07-08 22:38:02,061 basehttp 124 "GET /static/xadmin/css/xadmin.responsive.css HTTP/1.1" 304 0
INFO 2020-07-08 22:38:02,062 basehttp 124 "GET /static/xadmin/vendor/jquery-ui/jquery.ui.core.js HTTP/1.1" 304 0
INFO 2020-07-08 22:38:02,064 basehttp 124 "GET /static/xadmin/vendor/jquery-ui/jquery.ui.sortable.js HTTP/1.1" 304 0
INFO 2020-07-08 22:38:02,071 basehttp 124 "GET /static/xadmin/js/xadmin.responsive.js HTTP/1.1" 304 0
INFO 2020-07-08 22:38:02,073 basehttp 124 "GET /static/xadmin/vendor/jquery-ui/jquery.ui.mouse.js HTTP/1.1" 304 0
INFO 2020-07-08 22:38:02,074 basehttp 124 "GET /static/xadmin/js/xadmin.plugin.portal.js HTTP/1.1" 304 0
INFO 2020-07-08 22:38:02,075 basehttp 124 "GET /static/xadmin/js/xadmin.page.dashboard.js HTTP/1.1" 304 0
INFO 2020-07-08 22:38:02,075 basehttp 124 "GET /static/xadmin/vendor/jquery-ui/jquery.ui.widget.js HTTP/1.1" 304 0
INFO 2020-07-08 22:38:02,078 basehttp 124 "GET /static/xadmin/js/xadmin.main.js HTTP/1.1" 304 0
INFO 2020-07-08 22:38:02,082 basehttp 124 "GET /static/xadmin/vendor/bootstrap/js/bootstrap.js HTTP/1.1" 304 0
INFO 2020-07-08 22:38:06,118 basehttp 124 "GET /xadmin/jsi18n/ HTTP/1.1" 200 3185
INFO 2020-07-08 22:38:06,185 basehttp 124 "GET /static/xadmin/vendor/font-awesome/fonts/fontawesome-webfont.woff?v=4.0.3 HTTP/1.1" 304 0
INFO 2020-07-08 22:38:18,168 basehttp 124 "GET /xadmin/ HTTP/1.1" 200 9843
INFO 2020-07-08 22:38:22,216 basehttp 124 "GET /xadmin/jsi18n/ HTTP/1.1" 200 3185
INFO 2020-07-08 22:38:39,574 basehttp 124 "GET /xadmin/ HTTP/1.1" 200 9832
INFO 2020-07-08 22:38:43,634 basehttp 124 "GET /xadmin/jsi18n/ HTTP/1.1" 200 7684
INFO 2020-07-08 22:39:04,226 basehttp 124 "GET /xadmin/auth/group/ HTTP/1.1" 200 19055
ERROR 2020-07-08 22:39:04,230 basehttp 124 "GET /xadmin/auth/group/ HTTP/1.1" 500 59
INFO 2020-07-08 22:39:05,410 basehttp 124 "GET /xadmin/auth/group/ HTTP/1.1" 200 19055
ERROR 2020-07-08 22:39:05,411 basehttp 124 "GET /xadmin/auth/group/ HTTP/1.1" 500 59
INFO 2020-07-08 22:39:06,128 basehttp 124 "GET /xadmin/auth/user/ HTTP/1.1" 200 29397
ERROR 2020-07-08 22:39:06,129 basehttp 124 "GET /xadmin/auth/user/ HTTP/1.1" 500 59
INFO 2020-07-08 22:39:07,239 basehttp 124 "GET /xadmin/auth/permission/ HTTP/1.1" 200 84752
INFO 2020-07-08 22:39:07,265 basehttp 124 "GET /static/xadmin/vendor/bootstrap/css/bootstrap.css HTTP/1.1" 304 0
INFO 2020-07-08 22:39:07,272 basehttp 124 "GET /static/xadmin/css/themes/bootstrap-xadmin.css HTTP/1.1" 304 0
INFO 2020-07-08 22:39:07,275 basehttp 124 "GET /static/xadmin/vendor/font-awesome/css/font-awesome.css HTTP/1.1" 304 0
INFO 2020-07-08 22:39:07,275 basehttp 124 "GET /static/xadmin/css/xadmin.main.css HTTP/1.1" 304 0
INFO 2020-07-08 22:39:07,276 basehttp 124 "GET /static/xadmin/css/xadmin.plugins.css HTTP/1.1" 304 0
INFO 2020-07-08 22:39:07,277 basehttp 124 "GET /static/xadmin/css/xadmin.form.css HTTP/1.1" 200 3763
INFO 2020-07-08 22:39:07,277 basehttp 124 "GET /static/xadmin/css/xadmin.responsive.css HTTP/1.1" 304 0
INFO 2020-07-08 22:39:07,285 basehttp 124 "GET /static/xadmin/js/xadmin.plugin.details.js HTTP/1.1" 200 2319
INFO 2020-07-08 22:39:07,285 basehttp 124 "GET /static/xadmin/vendor/jquery-ui/jquery.ui.core.js HTTP/1.1" 304 0
INFO 2020-07-08 22:39:07,286 basehttp 124 "GET /static/xadmin/js/xadmin.plugin.bookmark.js HTTP/1.1" 200 529
INFO 2020-07-08 22:39:07,286 basehttp 124 "GET /static/xadmin/js/xadmin.plugin.filters.js HTTP/1.1" 200 1990
INFO 2020-07-08 22:39:07,286 basehttp 124 "GET /static/xadmin/js/xadmin.plugin.actions.js HTTP/1.1" 200 4198
INFO 2020-07-08 22:39:07,289 basehttp 124 "GET /static/xadmin/vendor/jquery-ui/jquery.ui.widget.js HTTP/1.1" 304 0
INFO 2020-07-08 22:39:07,289 basehttp 124 "GET /static/xadmin/js/xadmin.page.form.js HTTP/1.1" 200 1948
INFO 2020-07-08 22:39:07,294 basehttp 124 "GET /static/xadmin/vendor/bootstrap/js/bootstrap.js HTTP/1.1" 304 0
INFO 2020-07-08 22:39:07,295 basehttp 124 "GET /static/xadmin/js/xadmin.main.js HTTP/1.1" 304 0
INFO 2020-07-08 22:39:07,295 basehttp 124 "GET /static/xadmin/vendor/jquery-ui/jquery.ui.sortable.js HTTP/1.1" 304 0
INFO 2020-07-08 22:39:07,295 basehttp 124 "GET /static/xadmin/vendor/jquery-ui/jquery.ui.mouse.js HTTP/1.1" 304 0
INFO 2020-07-08 22:39:07,296 basehttp 124 "GET /static/xadmin/js/xadmin.responsive.js HTTP/1.1" 304 0
INFO 2020-07-08 22:39:07,300 basehttp 124 "GET /static/xadmin/vendor/jquery/jquery.js HTTP/1.1" 304 0
INFO 2020-07-08 22:39:07,301 basehttp 124 "GET /static/xadmin/js/xadmin.page.list.js HTTP/1.1" 200 1105
INFO 2020-07-08 22:39:11,313 basehttp 124 "GET /xadmin/jsi18n/ HTTP/1.1" 200 7684
INFO 2020-07-08 22:39:18,461 basehttp 124 "GET /xadmin/auth/group/ HTTP/1.1" 200 19055
INFO 2020-07-08 22:39:22,514 basehttp 124 "GET /xadmin/jsi18n/ HTTP/1.1" 200 7684
INFO 2020-07-08 22:39:28,425 basehttp 124 "GET /xadmin/auth/user/ HTTP/1.1" 200 29397
INFO 2020-07-08 22:39:32,476 basehttp 124 "GET /xadmin/jsi18n/ HTTP/1.1" 200 7684
INFO 2020-07-08 22:50:17,592 basehttp 124 "GET /xadmin/auth/user/ HTTP/1.1" 200 29397
INFO 2020-07-08 22:50:17,608 basehttp 124 "GET /static/xadmin/vendor/bootstrap/css/bootstrap.css HTTP/1.1" 304 0
INFO 2020-07-08 22:50:17,614 basehttp 124 "GET /static/xadmin/css/themes/bootstrap-xadmin.css HTTP/1.1" 304 0
INFO 2020-07-08 22:50:17,617 basehttp 124 "GET /static/xadmin/css/xadmin.responsive.css HTTP/1.1" 304 0
INFO 2020-07-08 22:50:17,617 basehttp 124 "GET /static/xadmin/css/xadmin.main.css HTTP/1.1" 304 0
INFO 2020-07-08 22:50:17,617 basehttp 124 "GET /static/xadmin/vendor/font-awesome/css/font-awesome.css HTTP/1.1" 304 0
INFO 2020-07-08 22:50:17,618 basehttp 124 "GET /static/xadmin/css/xadmin.plugins.css HTTP/1.1" 304 0
INFO 2020-07-08 22:50:17,620 basehttp 124 "GET /static/xadmin/css/xadmin.form.css HTTP/1.1" 304 0
INFO 2020-07-08 22:50:17,628 basehttp 124 "GET /static/xadmin/js/xadmin.plugin.details.js HTTP/1.1" 304 0
INFO 2020-07-08 22:50:17,628 basehttp 124 "GET /static/xadmin/js/xadmin.plugin.bookmark.js HTTP/1.1" 304 0
INFO 2020-07-08 22:50:17,628 basehttp 124 "GET /static/xadmin/js/xadmin.responsive.js HTTP/1.1" 304 0
INFO 2020-07-08 22:50:17,628 basehttp 124 "GET /static/xadmin/vendor/bootstrap/js/bootstrap.js HTTP/1.1" 304 0
INFO 2020-07-08 22:50:17,628 basehttp 124 "GET /static/xadmin/js/xadmin.main.js HTTP/1.1" 304 0
INFO 2020-07-08 22:50:17,637 basehttp 124 "GET /static/xadmin/vendor/jquery-ui/jquery.ui.core.js HTTP/1.1" 304 0
INFO 2020-07-08 22:50:17,637 basehttp 124 "GET /static/xadmin/js/xadmin.plugin.actions.js HTTP/1.1" 304 0
INFO 2020-07-08 22:50:17,637 basehttp 124 "GET /static/xadmin/js/xadmin.page.form.js HTTP/1.1" 304 0
INFO 2020-07-08 22:50:17,637 basehttp 124 "GET /static/xadmin/js/xadmin.page.list.js HTTP/1.1" 304 0
INFO 2020-07-08 22:50:17,637 basehttp 124 "GET /static/xadmin/vendor/jquery/jquery.js HTTP/1.1" 304 0
INFO 2020-07-08 22:50:17,645 basehttp 124 "GET /static/xadmin/vendor/jquery-ui/jquery.ui.sortable.js HTTP/1.1" 304 0
INFO 2020-07-08 22:50:17,645 basehttp 124 "GET /static/xadmin/vendor/jquery-ui/jquery.ui.mouse.js HTTP/1.1" 304 0
INFO 2020-07-08 22:50:17,645 basehttp 124 "GET /static/xadmin/vendor/jquery-ui/jquery.ui.widget.js HTTP/1.1" 304 0
INFO 2020-07-08 22:50:17,646 basehttp 124 "GET /static/xadmin/js/xadmin.plugin.filters.js HTTP/1.1" 304 0
INFO 2020-07-08 22:50:21,646 basehttp 124 "GET /xadmin/jsi18n/ HTTP/1.1" 200 7684
INFO 2020-07-08 22:50:21,664 basehttp 124 "GET /static/xadmin/vendor/font-awesome/fonts/fontawesome-webfont.woff?v=4.0.3 HTTP/1.1" 304 0
INFO 2020-07-08 22:51:06,728 basehttp 124 "GET /xadmin/auth/user/ HTTP/1.1" 200 34348
INFO 2020-07-08 22:51:06,753 basehttp 124 "GET /static/xadmin/vendor/jquery-ui/jquery.ui.effect.js HTTP/1.1" 200 31918
INFO 2020-07-08 22:51:06,754 basehttp 124 "GET /static/xadmin/js/xadmin.plugin.themes.js HTTP/1.1" 200 3489
INFO 2020-07-08 22:51:10,789 basehttp 124 "GET /xadmin/jsi18n/ HTTP/1.1" 200 7684
INFO 2020-07-08 22:53:53,022 basehttp 124 "GET /xadmin/auth/user/ HTTP/1.1" 200 34348
INFO 2020-07-08 22:53:53,038 basehttp 124 "GET /static/xadmin/vendor/bootstrap/css/bootstrap.css HTTP/1.1" 304 0
INFO 2020-07-08 22:53:53,046 basehttp 124 "GET /static/xadmin/css/themes/bootstrap-xadmin.css HTTP/1.1" 304 0
INFO 2020-07-08 22:53:53,047 basehttp 124 "GET /static/xadmin/vendor/font-awesome/css/font-awesome.css HTTP/1.1" 304 0
INFO 2020-07-08 22:53:53,049 basehttp 124 "GET /static/xadmin/css/xadmin.responsive.css HTTP/1.1" 304 0
INFO 2020-07-08 22:53:53,049 basehttp 124 "GET /static/xadmin/css/xadmin.main.css HTTP/1.1" 304 0
INFO 2020-07-08 22:53:53,050 basehttp 124 "GET /static/xadmin/css/xadmin.plugins.css HTTP/1.1" 304 0
INFO 2020-07-08 22:53:53,052 basehttp 124 "GET /static/xadmin/css/xadmin.form.css HTTP/1.1" 304 0
INFO 2020-07-08 22:53:53,053 basehttp 124 "GET /static/xadmin/vendor/jquery-ui/jquery.ui.widget.js HTTP/1.1" 304 0
INFO 2020-07-08 22:53:53,057 basehttp 124 "GET /static/xadmin/vendor/bootstrap/js/bootstrap.js HTTP/1.1" 304 0
INFO 2020-07-08 22:53:53,057 basehttp 124 "GET /static/xadmin/js/xadmin.responsive.js HTTP/1.1" 304 0
INFO 2020-07-08 22:53:53,058 basehttp 124 "GET /static/xadmin/vendor/jquery-ui/jquery.ui.effect.js HTTP/1.1" 304 0
INFO 2020-07-08 22:53:53,058 basehttp 124 "GET /static/xadmin/js/xadmin.main.js HTTP/1.1" 304 0
INFO 2020-07-08 22:53:53,058 basehttp 124 "GET /static/xadmin/js/xadmin.plugin.themes.js HTTP/1.1" 304 0
INFO 2020-07-08 22:53:53,066 basehttp 124 "GET /static/xadmin/js/xadmin.page.list.js HTTP/1.1" 304 0
INFO 2020-07-08 22:53:53,066 basehttp 124 "GET /static/xadmin/js/xadmin.plugin.actions.js HTTP/1.1" 304 0
INFO 2020-07-08 22:53:53,066 basehttp 124 "GET /static/xadmin/js/xadmin.plugin.filters.js HTTP/1.1" 304 0
INFO 2020-07-08 22:53:53,066 basehttp 124 "GET /static/xadmin/js/xadmin.plugin.bookmark.js HTTP/1.1" 304 0
INFO 2020-07-08 22:53:53,067 basehttp 124 "GET /static/xadmin/js/xadmin.page.form.js HTTP/1.1" 304 0
INFO 2020-07-08 22:53:53,074 basehttp 124 "GET /static/xadmin/vendor/jquery-ui/jquery.ui.core.js HTTP/1.1" 304 0
INFO 2020-07-08 22:53:53,075 basehttp 124 "GET /static/xadmin/vendor/jquery-ui/jquery.ui.sortable.js HTTP/1.1" 304 0
INFO 2020-07-08 22:53:53,075 basehttp 124 "GET /static/xadmin/vendor/jquery-ui/jquery.ui.mouse.js HTTP/1.1" 304 0
INFO 2020-07-08 22:53:53,076 basehttp 124 "GET /static/xadmin/vendor/jquery/jquery.js HTTP/1.1" 304 0
INFO 2020-07-08 22:53:53,076 basehttp 124 "GET /static/xadmin/js/xadmin.plugin.details.js HTTP/1.1" 304 0
INFO 2020-07-08 22:53:57,078 basehttp 124 "GET /xadmin/jsi18n/ HTTP/1.1" 200 7684
INFO 2020-07-08 22:53:57,088 basehttp 124 "GET /static/xadmin/vendor/font-awesome/fonts/fontawesome-webfont.woff?v=4.0.3 HTTP/1.1" 304 0
INFO 2020-07-08 22:54:03,913 basehttp 124 "GET /xadmin/home/banner/ HTTP/1.1" 200 24337
INFO 2020-07-08 22:54:07,965 basehttp 124 "GET /xadmin/jsi18n/ HTTP/1.1" 200 7684
INFO 2020-07-08 22:54:14,241 basehttp 124 "GET /xadmin/home/banner/add/ HTTP/1.1" 200 19869
INFO 2020-07-08 22:54:14,259 basehttp 124 "GET /static/xadmin/vendor/bootstrap-image-gallery/css/bootstrap-image-gallery.css HTTP/1.1" 200 3339
INFO 2020-07-08 22:54:14,264 basehttp 124 "GET /static/xadmin/js/xadmin.plugin.portal.js HTTP/1.1" 304 0
INFO 2020-07-08 22:54:14,264 basehttp 124 "GET /static/xadmin/vendor/load-image/load-image.js HTTP/1.1" 200 8309
INFO 2020-07-08 22:54:14,265 basehttp 124 "GET /static/xadmin/vendor/bootstrap-image-gallery/js/bootstrap-image-gallery.js HTTP/1.1" 200 15611
INFO 2020-07-08 22:54:18,296 basehttp 124 "GET /xadmin/jsi18n/ HTTP/1.1" 200 7684
INFO 2020-07-08 22:54:47,284 basehttp 124 "GET /xadmin/home/nav/ HTTP/1.1" 200 24900
INFO 2020-07-08 22:54:51,341 basehttp 124 "GET /xadmin/jsi18n/ HTTP/1.1" 200 7684
INFO 2020-07-08 22:54:58,398 basehttp 124 "GET /xadmin/home/nav/add/ HTTP/1.1" 200 19189
INFO 2020-07-08 22:54:58,419 basehttp 124 "GET /static/xadmin/vendor/select2/select2.css HTTP/1.1" 200 19226
INFO 2020-07-08 22:54:58,427 basehttp 124 "GET /static/xadmin/vendor/selectize/selectize.bootstrap3.css HTTP/1.1" 200 10602
INFO 2020-07-08 22:54:58,429 basehttp 124 "GET /static/xadmin/js/xadmin.widget.select.js HTTP/1.1" 200 1344
INFO 2020-07-08 22:54:58,429 basehttp 124 "GET /static/xadmin/vendor/select2/select2_locale_zh-hans.js HTTP/1.1" 200 694
INFO 2020-07-08 22:54:58,429 basehttp 124 "GET /static/xadmin/vendor/selectize/selectize.css HTTP/1.1" 200 8425
INFO 2020-07-08 22:54:58,431 basehttp 124 "GET /static/xadmin/vendor/selectize/selectize.js HTTP/1.1" 200 98602
INFO 2020-07-08 22:54:58,431 basehttp 124 "GET /static/xadmin/vendor/select2/select2.js HTTP/1.1" 200 104906
INFO 2020-07-08 22:55:02,464 basehttp 124 "GET /xadmin/jsi18n/ HTTP/1.1" 200 7684
INFO 2020-07-08 22:55:22,162 basehttp 124 "GET /xadmin/home/banner/ HTTP/1.1" 200 24337
INFO 2020-07-08 22:55:26,218 basehttp 124 "GET /xadmin/jsi18n/ HTTP/1.1" 200 7684
INFO 2020-07-08 22:55:35,027 basehttp 124 "GET /xadmin/home/banner/add/ HTTP/1.1" 200 19869
INFO 2020-07-08 22:55:39,089 basehttp 124 "GET /xadmin/jsi18n/ HTTP/1.1" 200 7684
INFO 2020-07-08 22:57:53,625 basehttp 124 "POST /xadmin/home/banner/add/ HTTP/1.1" 302 0
INFO 2020-07-08 22:57:57,706 basehttp 124 "GET /xadmin/home/banner/add/ HTTP/1.1" 200 20209
INFO 2020-07-08 22:57:57,730 basehttp 124 "GET /static/xadmin/css/xadmin.plugins.css HTTP/1.1" 304 0
INFO 2020-07-08 22:57:57,730 basehttp 124 "GET /static/xadmin/vendor/bootstrap/css/bootstrap.css HTTP/1.1" 304 0
INFO 2020-07-08 22:57:57,731 basehttp 124 "GET /static/xadmin/css/themes/bootstrap-xadmin.css HTTP/1.1" 304 0
INFO 2020-07-08 22:57:57,731 basehttp 124 "GET /static/xadmin/vendor/font-awesome/css/font-awesome.css HTTP/1.1" 304 0
INFO 2020-07-08 22:57:57,732 basehttp 124 "GET /static/xadmin/css/xadmin.main.css HTTP/1.1" 304 0
INFO 2020-07-08 22:57:57,732 basehttp 124 "GET /static/xadmin/css/xadmin.responsive.css HTTP/1.1" 304 0
INFO 2020-07-08 22:57:57,737 basehttp 124 "GET /static/xadmin/vendor/bootstrap-image-gallery/css/bootstrap-image-gallery.css HTTP/1.1" 304 0
INFO 2020-07-08 22:57:57,738 basehttp 124 "GET /static/xadmin/vendor/jquery/jquery.js HTTP/1.1" 304 0
INFO 2020-07-08 22:57:57,744 basehttp 124 "GET /static/xadmin/vendor/jquery-ui/jquery.ui.widget.js HTTP/1.1" 304 0
INFO 2020-07-08 22:57:57,745 basehttp 124 "GET /static/xadmin/css/xadmin.form.css HTTP/1.1" 304 0
INFO 2020-07-08 22:57:57,745 basehttp 124 "GET /static/xadmin/vendor/jquery-ui/jquery.ui.mouse.js HTTP/1.1" 304 0
INFO 2020-07-08 22:57:57,746 basehttp 124 "GET /static/xadmin/vendor/jquery-ui/jquery.ui.core.js HTTP/1.1" 304 0
INFO 2020-07-08 22:57:57,746 basehttp 124 "GET /static/xadmin/vendor/jquery-ui/jquery.ui.sortable.js HTTP/1.1" 304 0
INFO 2020-07-08 22:57:57,754 basehttp 124 "GET /static/xadmin/js/xadmin.main.js HTTP/1.1" 304 0
INFO 2020-07-08 22:57:57,754 basehttp 124 "GET /static/xadmin/js/xadmin.responsive.js HTTP/1.1" 304 0
INFO 2020-07-08 22:57:57,754 basehttp 124 "GET /static/xadmin/js/xadmin.plugin.themes.js HTTP/1.1" 304 0
INFO 2020-07-08 22:57:57,754 basehttp 124 "GET /static/xadmin/vendor/jquery-ui/jquery.ui.effect.js HTTP/1.1" 304 0
INFO 2020-07-08 22:57:57,755 basehttp 124 "GET /static/xadmin/vendor/load-image/load-image.js HTTP/1.1" 304 0
INFO 2020-07-08 22:57:57,762 basehttp 124 "GET /static/xadmin/vendor/bootstrap/js/bootstrap.js HTTP/1.1" 304 0
INFO 2020-07-08 22:57:57,762 basehttp 124 "GET /static/xadmin/js/xadmin.page.form.js HTTP/1.1" 304 0
INFO 2020-07-08 22:57:57,763 basehttp 124 "GET /static/xadmin/js/xadmin.plugin.portal.js HTTP/1.1" 304 0
INFO 2020-07-08 22:57:57,763 basehttp 124 "GET /static/xadmin/vendor/bootstrap-image-gallery/js/bootstrap-image-gallery.js HTTP/1.1" 304 0
INFO 2020-07-08 22:58:01,776 basehttp 124 "GET /xadmin/jsi18n/ HTTP/1.1" 200 7684
INFO 2020-07-08 22:58:01,785 basehttp 124 "GET /static/xadmin/vendor/font-awesome/fonts/fontawesome-webfont.woff?v=4.0.3 HTTP/1.1" 304 0
INFO 2020-07-08 22:59:03,913 basehttp 124 "POST /xadmin/home/banner/add/ HTTP/1.1" 302 0
INFO 2020-07-08 22:59:08,029 basehttp 124 "GET /xadmin/home/banner/add/ HTTP/1.1" 200 20206
INFO 2020-07-08 22:59:12,090 basehttp 124 "GET /xadmin/jsi18n/ HTTP/1.1" 200 7684
INFO 2020-07-08 23:00:53,962 basehttp 124 "POST /xadmin/home/banner/add/ HTTP/1.1" 302 0
INFO 2020-07-08 23:00:58,045 basehttp 124 "GET /xadmin/home/banner/ HTTP/1.1" 200 29539
INFO 2020-07-08 23:00:58,069 basehttp 124 "GET /static/xadmin/css/xadmin.plugins.css HTTP/1.1" 304 0
INFO 2020-07-08 23:00:58,069 basehttp 124 "GET /static/xadmin/css/themes/bootstrap-xadmin.css HTTP/1.1" 304 0
INFO 2020-07-08 23:00:58,069 basehttp 124 "GET /static/xadmin/css/xadmin.main.css HTTP/1.1" 304 0
INFO 2020-07-08 23:00:58,070 basehttp 124 "GET /static/xadmin/css/xadmin.responsive.css HTTP/1.1" 304 0
INFO 2020-07-08 23:00:58,070 basehttp 124 "GET /static/xadmin/vendor/font-awesome/css/font-awesome.css HTTP/1.1" 304 0
INFO 2020-07-08 23:00:58,070 basehttp 124 "GET /static/xadmin/vendor/bootstrap/css/bootstrap.css HTTP/1.1" 304 0
INFO 2020-07-08 23:00:58,075 basehttp 124 "GET /static/xadmin/css/xadmin.form.css HTTP/1.1" 304 0
INFO 2020-07-08 23:00:58,076 basehttp 124 "GET /static/xadmin/vendor/jquery/jquery.js HTTP/1.1" 304 0
INFO 2020-07-08 23:00:58,078 basehttp 124 "GET /static/xadmin/vendor/jquery-ui/jquery.ui.mouse.js HTTP/1.1" 304 0
INFO 2020-07-08 23:00:58,078 basehttp 124 "GET /static/xadmin/vendor/jquery-ui/jquery.ui.widget.js HTTP/1.1" 304 0
INFO 2020-07-08 23:00:58,079 basehttp 124 "GET /static/xadmin/vendor/jquery-ui/jquery.ui.sortable.js HTTP/1.1" 304 0
INFO 2020-07-08 23:00:58,081 basehttp 124 "GET /static/xadmin/js/xadmin.responsive.js HTTP/1.1" 304 0
INFO 2020-07-08 23:00:58,082 basehttp 124 "GET /static/xadmin/vendor/jquery-ui/jquery.ui.effect.js HTTP/1.1" 304 0
INFO 2020-07-08 23:00:58,084 basehttp 124 "GET /static/xadmin/js/xadmin.plugin.filters.js HTTP/1.1" 304 0
INFO 2020-07-08 23:00:58,086 basehttp 124 "GET /static/xadmin/js/xadmin.plugin.actions.js HTTP/1.1" 304 0
INFO 2020-07-08 23:00:58,088 basehttp 124 "GET /static/xadmin/vendor/jquery-ui/jquery.ui.core.js HTTP/1.1" 304 0
INFO 2020-07-08 23:00:58,088 basehttp 124 "GET /static/xadmin/js/xadmin.page.list.js HTTP/1.1" 304 0
INFO 2020-07-08 23:00:58,089 basehttp 124 "GET /static/xadmin/js/xadmin.main.js HTTP/1.1" 304 0
INFO 2020-07-08 23:00:58,090 basehttp 124 "GET /static/xadmin/js/xadmin.page.form.js HTTP/1.1" 304 0
INFO 2020-07-08 23:00:58,090 basehttp 124 "GET /static/xadmin/js/xadmin.plugin.details.js HTTP/1.1" 304 0
INFO 2020-07-08 23:00:58,095 basehttp 124 "GET /static/xadmin/js/xadmin.plugin.bookmark.js HTTP/1.1" 304 0
INFO 2020-07-08 23:00:58,095 basehttp 124 "GET /static/xadmin/vendor/bootstrap/js/bootstrap.js HTTP/1.1" 304 0
INFO 2020-07-08 23:00:58,095 basehttp 124 "GET /static/xadmin/js/xadmin.plugin.themes.js HTTP/1.1" 304 0
INFO 2020-07-08 23:01:02,098 basehttp 124 "GET /xadmin/jsi18n/ HTTP/1.1" 200 7684
INFO 2020-07-08 23:01:02,109 basehttp 124 "GET /static/xadmin/vendor/font-awesome/fonts/fontawesome-webfont.woff?v=4.0.3 HTTP/1.1" 304 0
WARNING 2020-07-08 23:06:32,580 base 93 Not Found: /
WARNING 2020-07-08 23:06:32,580 basehttp 124 "GET / HTTP/1.1" 404 2161
INFO 2020-07-08 23:07:06,553 basehttp 124 "GET /home/banner/ HTTP/1.1" 200 6314
INFO 2020-07-08 23:07:06,574 basehttp 124 "GET /static/rest_framework/css/bootstrap-tweaks.css HTTP/1.1" 200 3385
INFO 2020-07-08 23:07:06,575 basehttp 124 "GET /static/rest_framework/css/prettify.css HTTP/1.1" 200 817
INFO 2020-07-08 23:07:06,576 basehttp 124 "GET /static/rest_framework/css/default.css HTTP/1.1" 200 1131
INFO 2020-07-08 23:07:06,577 basehttp 124 "GET /static/rest_framework/js/ajax-form.js HTTP/1.1" 200 3597
INFO 2020-07-08 23:07:06,577 basehttp 124 "GET /static/rest_framework/css/bootstrap.min.css HTTP/1.1" 200 121457
INFO 2020-07-08 23:07:06,578 basehttp 124 "GET /static/rest_framework/js/jquery-3.4.1.min.js HTTP/1.1" 200 88145
INFO 2020-07-08 23:07:06,580 basehttp 124 "GET /static/rest_framework/js/csrf.js HTTP/1.1" 200 1719
INFO 2020-07-08 23:07:06,584 basehttp 124 "GET /static/rest_framework/js/default.js HTTP/1.1" 200 1268
INFO 2020-07-08 23:07:06,584 basehttp 124 "GET /static/rest_framework/js/prettify-min.js HTTP/1.1" 200 13632
INFO 2020-07-08 23:07:06,585 basehttp 124 "GET /static/rest_framework/js/bootstrap.min.js HTTP/1.1" 200 37608
INFO 2020-07-08 23:07:06,595 basehttp 124 "GET /static/rest_framework/img/grid.png HTTP/1.1" 200 1458
INFO 2020-07-08 23:11:23,169 basehttp 124 "GET /home/banner/ HTTP/1.1" 200 338
ERROR 2020-07-08 23:11:23,170 basehttp 124 "GET /home/banner/ HTTP/1.1" 500 59
INFO 2020-07-08 23:11:24,795 basehttp 124 "GET /home/banner/ HTTP/1.1" 200 338
INFO 2020-07-08 23:11:24,823 basehttp 124 "GET /media/banner/preview_OFJ3itN.jpg HTTP/1.1" 200 521239
INFO 2020-07-08 23:11:24,824 basehttp 124 "GET /media/banner/preview_m9Y5WMe.jpg HTTP/1.1" 200 596219
INFO 2020-07-08 23:11:24,826 basehttp 124 "GET /media/banner/preview.jpg HTTP/1.1" 200 775600
INFO 2020-07-08 23:16:22,420 basehttp 124 "GET /home/banner/ HTTP/1.1" 200 338
INFO 2020-07-08 23:16:22,434 basehttp 124 "GET /media/banner/preview_OFJ3itN.jpg HTTP/1.1" 304 0
INFO 2020-07-08 23:16:22,434 basehttp 124 "GET /media/banner/preview_m9Y5WMe.jpg HTTP/1.1" 304 0
INFO 2020-07-08 23:16:22,435 basehttp 124 "GET /media/banner/preview.jpg HTTP/1.1" 304 0
INFO 2020-07-08 23:28:15,751 basehttp 124 "GET /xadmin/home/nav/ HTTP/1.1" 200 24900
INFO 2020-07-08 23:28:15,779 basehttp 124 "GET /static/xadmin/css/xadmin.main.css HTTP/1.1" 304 0
INFO 2020-07-08 23:28:15,779 basehttp 124 "GET /static/xadmin/css/xadmin.plugins.css HTTP/1.1" 304 0
INFO 2020-07-08 23:28:15,779 basehttp 124 "GET /static/xadmin/vendor/font-awesome/css/font-awesome.css HTTP/1.1" 304 0
INFO 2020-07-08 23:28:15,780 basehttp 124 "GET /static/xadmin/css/themes/bootstrap-xadmin.css HTTP/1.1" 304 0
INFO 2020-07-08 23:28:15,780 basehttp 124 "GET /static/xadmin/css/xadmin.responsive.css HTTP/1.1" 304 0
INFO 2020-07-08 23:28:15,780 basehttp 124 "GET /static/xadmin/vendor/bootstrap/css/bootstrap.css HTTP/1.1" 304 0
INFO 2020-07-08 23:28:15,786 basehttp 124 "GET /static/xadmin/vendor/jquery/jquery.js HTTP/1.1" 304 0
INFO 2020-07-08 23:28:15,792 basehttp 124 "GET /static/xadmin/css/xadmin.form.css HTTP/1.1" 304 0
INFO 2020-07-08 23:28:15,793 basehttp 124 "GET /static/xadmin/vendor/jquery-ui/jquery.ui.core.js HTTP/1.1" 304 0
INFO 2020-07-08 23:28:15,793 basehttp 124 "GET /static/xadmin/vendor/jquery-ui/jquery.ui.mouse.js HTTP/1.1" 304 0
INFO 2020-07-08 23:28:15,793 basehttp 124 "GET /static/xadmin/vendor/bootstrap/js/bootstrap.js HTTP/1.1" 304 0
INFO 2020-07-08 23:28:15,793 basehttp 124 "GET /static/xadmin/vendor/jquery-ui/jquery.ui.widget.js HTTP/1.1" 304 0
INFO 2020-07-08 23:28:15,794 basehttp 124 "GET /static/xadmin/vendor/jquery-ui/jquery.ui.sortable.js HTTP/1.1" 304 0
INFO 2020-07-08 23:28:15,804 basehttp 124 "GET /static/xadmin/vendor/jquery-ui/jquery.ui.effect.js HTTP/1.1" 304 0
INFO 2020-07-08 23:28:15,805 basehttp 124 "GET /static/xadmin/js/xadmin.plugin.themes.js HTTP/1.1" 304 0
INFO 2020-07-08 23:28:15,806 basehttp 124 "GET /static/xadmin/js/xadmin.plugin.filters.js HTTP/1.1" 304 0
INFO 2020-07-08 23:28:15,806 basehttp 124 "GET /static/xadmin/js/xadmin.page.list.js HTTP/1.1" 304 0
INFO 2020-07-08 23:28:15,806 basehttp 124 "GET /static/xadmin/js/xadmin.plugin.bookmark.js HTTP/1.1" 304 0
INFO 2020-07-08 23:28:15,806 basehttp 124 "GET /static/xadmin/js/xadmin.plugin.details.js HTTP/1.1" 304 0
INFO 2020-07-08 23:28:15,816 basehttp 124 "GET /static/xadmin/js/xadmin.responsive.js HTTP/1.1" 304 0
INFO 2020-07-08 23:28:15,816 basehttp 124 "GET /static/xadmin/js/xadmin.page.form.js HTTP/1.1" 304 0
INFO 2020-07-08 23:28:15,816 basehttp 124 "GET /static/xadmin/js/xadmin.main.js HTTP/1.1" 304 0
INFO 2020-07-08 23:28:19,836 basehttp 124 "GET /xadmin/jsi18n/ HTTP/1.1" 200 7684
INFO 2020-07-08 23:28:19,846 basehttp 124 "GET /static/xadmin/vendor/font-awesome/fonts/fontawesome-webfont.woff?v=4.0.3 HTTP/1.1" 304 0
INFO 2020-07-08 23:28:25,393 basehttp 124 "GET /xadmin/home/nav/add/ HTTP/1.1" 200 19189
INFO 2020-07-08 23:28:25,414 basehttp 124 "GET /static/xadmin/vendor/select2/select2.css HTTP/1.1" 304 0
INFO 2020-07-08 23:28:25,420 basehttp 124 "GET /static/xadmin/vendor/selectize/selectize.js HTTP/1.1" 304 0
INFO 2020-07-08 23:28:25,421 basehttp 124 "GET /static/xadmin/vendor/selectize/selectize.css HTTP/1.1" 304 0
INFO 2020-07-08 23:28:25,422 basehttp 124 "GET /static/xadmin/vendor/selectize/selectize.bootstrap3.css HTTP/1.1" 304 0
INFO 2020-07-08 23:28:25,422 basehttp 124 "GET /static/xadmin/vendor/select2/select2.js HTTP/1.1" 304 0
INFO 2020-07-08 23:28:25,422 basehttp 124 "GET /static/xadmin/js/xadmin.plugin.portal.js HTTP/1.1" 304 0
INFO 2020-07-08 23:28:25,426 basehttp 124 "GET /static/xadmin/js/xadmin.widget.select.js HTTP/1.1" 304 0
INFO 2020-07-08 23:28:25,427 basehttp 124 "GET /static/xadmin/vendor/select2/select2_locale_zh-hans.js HTTP/1.1" 304 0
INFO 2020-07-08 23:28:29,449 basehttp 124 "GET /xadmin/jsi18n/ HTTP/1.1" 200 7684
INFO 2020-07-08 23:29:51,351 basehttp 124 "POST /xadmin/home/nav/add/ HTTP/1.1" 302 0
INFO 2020-07-08 23:29:55,449 basehttp 124 "GET /xadmin/home/nav/add/ HTTP/1.1" 200 19536
INFO 2020-07-08 23:29:59,515 basehttp 124 "GET /xadmin/jsi18n/ HTTP/1.1" 200 7684
INFO 2020-07-08 23:30:22,542 basehttp 124 "POST /xadmin/home/nav/add/ HTTP/1.1" 302 0
INFO 2020-07-08 23:30:26,662 basehttp 124 "GET /xadmin/home/nav/add/ HTTP/1.1" 200 19538
INFO 2020-07-08 23:30:30,722 basehttp 124 "GET /xadmin/jsi18n/ HTTP/1.1" 200 7684
INFO 2020-07-08 23:30:46,477 basehttp 124 "POST /xadmin/home/nav/add/ HTTP/1.1" 302 0
INFO 2020-07-08 23:30:50,569 basehttp 124 "GET /xadmin/home/nav/add/ HTTP/1.1" 200 19538
INFO 2020-07-08 23:30:54,628 basehttp 124 "GET /xadmin/jsi18n/ HTTP/1.1" 200 7684
INFO 2020-07-08 23:31:12,534 basehttp 124 "POST /xadmin/home/nav/add/ HTTP/1.1" 302 0
INFO 2020-07-08 23:31:16,630 basehttp 124 "GET /xadmin/home/nav/ HTTP/1.1" 200 30707
INFO 2020-07-08 23:31:16,654 basehttp 124 "GET /static/xadmin/js/xadmin.plugin.actions.js HTTP/1.1" 304 0
INFO 2020-07-08 23:31:20,691 basehttp 124 "GET /xadmin/jsi18n/ HTTP/1.1" 200 7684
INFO 2020-07-08 23:31:27,563 basehttp 124 "GET /xadmin/home/nav/add/ HTTP/1.1" 200 19189
INFO 2020-07-08 23:31:31,628 basehttp 124 "GET /xadmin/jsi18n/ HTTP/1.1" 200 7684
INFO 2020-07-08 23:31:54,051 basehttp 124 "POST /xadmin/home/nav/add/ HTTP/1.1" 302 0
INFO 2020-07-08 23:31:58,140 basehttp 124 "GET /xadmin/home/nav/add/ HTTP/1.1" 200 19532
INFO 2020-07-08 23:32:02,185 basehttp 124 "GET /xadmin/jsi18n/ HTTP/1.1" 200 7684
INFO 2020-07-08 23:32:10,341 basehttp 124 "POST /xadmin/home/nav/add/ HTTP/1.1" 302 0
INFO 2020-07-08 23:32:14,435 basehttp 124 "GET /xadmin/home/nav/add/ HTTP/1.1" 200 19532
INFO 2020-07-08 23:32:18,497 basehttp 124 "GET /xadmin/jsi18n/ HTTP/1.1" 200 7684
INFO 2020-07-08 23:32:25,974 basehttp 124 "POST /xadmin/home/nav/add/ HTTP/1.1" 302 0
INFO 2020-07-08 23:32:30,086 basehttp 124 "GET /xadmin/home/nav/ HTTP/1.1" 200 32463
INFO 2020-07-08 23:32:34,137 basehttp 124 "GET /xadmin/jsi18n/ HTTP/1.1" 200 7684
INFO 2020-07-09 00:58:02,580 basehttp 124 "GET /home/banner/ HTTP/1.1" 200 338
INFO 2020-07-09 00:59:41,787 basehttp 124 "GET /home/banner/ HTTP/1.1" 200 338
INFO 2020-07-09 00:59:45,822 basehttp 124 "GET /home/banner/ HTTP/1.1" 200 338
INFO 2020-07-09 00:59:45,833 basehttp 124 "GET /media/banner/preview_m9Y5WMe.jpg HTTP/1.1" 304 0
INFO 2020-07-09 00:59:45,834 basehttp 124 "GET /media/banner/preview.jpg HTTP/1.1" 304 0
INFO 2020-07-09 00:59:45,834 basehttp 124 "GET /media/banner/preview_OFJ3itN.jpg HTTP/1.1" 304 0
INFO 2020-07-09 01:00:17,756 basehttp 124 "GET /home/banner/ HTTP/1.1" 200 338
INFO 2020-07-09 01:00:21,773 basehttp 124 "GET /home/banner/ HTTP/1.1" 200 338
INFO 2020-07-09 01:04:45,081 basehttp 124 "GET /home/nav/ HTTP/1.1" 200 338
ERROR 2020-07-09 01:04:45,085 basehttp 124 "GET /home/nav/ HTTP/1.1" 500 59
INFO 2020-07-09 01:04:48,197 basehttp 124 "GET /home/banner/ HTTP/1.1" 200 338
INFO 2020-07-09 01:04:48,206 basehttp 124 "GET /home/nav/ HTTP/1.1" 200 338
INFO 2020-07-09 01:06:31,217 basehttp 124 "GET /home/nav/ HTTP/1.1" 200 338
INFO 2020-07-09 01:06:31,222 basehttp 124 "GET /home/banner/ HTTP/1.1" 200 338
ERROR 2020-07-09 01:14:10,926 exception 118 Internal Server Error: /home/nav/
Traceback (most recent call last):
  File "C:\Users\A Yong\AppData\Local\Programs\Python\Python36\lib\site-packages\rest_framework\views.py", line 494, in dispatch
    response = handler(request, *args, **kwargs)
  File "C:\Users\A Yong\AppData\Local\Programs\Python\Python36\lib\site-packages\rest_framework\generics.py", line 199, in get
    return self.list(request, *args, **kwargs)
  File "C:\Users\A Yong\AppData\Local\Programs\Python\Python36\lib\site-packages\rest_framework\mixins.py", line 46, in list
    return Response(serializer.data)
  File "C:\Users\A Yong\AppData\Local\Programs\Python\Python36\lib\site-packages\rest_framework\serializers.py", line 757, in data
    ret = super().data
  File "C:\Users\A Yong\AppData\Local\Programs\Python\Python36\lib\site-packages\rest_framework\serializers.py", line 261, in data
    self._data = self.to_representation(self.instance)
  File "C:\Users\A Yong\AppData\Local\Programs\Python\Python36\lib\site-packages\rest_framework\serializers.py", line 675, in to_representation
    self.child.to_representation(item) for item in iterable
  File "C:\Users\A Yong\AppData\Local\Programs\Python\Python36\lib\site-packages\rest_framework\serializers.py", line 675, in <listcomp>
    self.child.to_representation(item) for item in iterable
  File "C:\Users\A Yong\AppData\Local\Programs\Python\Python36\lib\site-packages\rest_framework\serializers.py", line 511, in to_representation
    for field in fields:
  File "C:\Users\A Yong\AppData\Local\Programs\Python\Python36\lib\site-packages\rest_framework\serializers.py", line 372, in _readable_fields
    for field in self.fields.values():
  File "C:\Users\A Yong\AppData\Local\Programs\Python\Python36\lib\site-packages\django\utils\functional.py", line 36, in __get__
    res = instance.__dict__[self.name] = self.func(instance)
  File "C:\Users\A Yong\AppData\Local\Programs\Python\Python36\lib\site-packages\rest_framework\serializers.py", line 360, in fields
    for key, value in self.get_fields().items():
  File "C:\Users\A Yong\AppData\Local\Programs\Python\Python36\lib\site-packages\rest_framework\serializers.py", line 1047, in get_fields
    source, info, model, depth
  File "C:\Users\A Yong\AppData\Local\Programs\Python\Python36\lib\site-packages\rest_framework\serializers.py", line 1192, in build_field
    return self.build_unknown_field(field_name, model_class)
  File "C:\Users\A Yong\AppData\Local\Programs\Python\Python36\lib\site-packages\rest_framework\serializers.py", line 1309, in build_unknown_field
    (field_name, model_class.__name__)
django.core.exceptions.ImproperlyConfigured: Field name `position` is not valid for model `Banner`.

During handling of the above exception, another exception occurred:

Traceback (most recent call last):
  File "C:\Users\A Yong\AppData\Local\Programs\Python\Python36\lib\site-packages\rest_framework\settings.py", line 177, in import_from_string
    return import_string(val)
  File "C:\Users\A Yong\AppData\Local\Programs\Python\Python36\lib\site-packages\django\utils\module_loading.py", line 17, in import_string
    module = import_module(module_path)
  File "C:\Users\A Yong\AppData\Local\Programs\Python\Python36\lib\importlib\__init__.py", line 126, in import_module
    return _bootstrap._gcd_import(name[level:], package, level)
  File "<frozen importlib._bootstrap>", line 994, in _gcd_import
  File "<frozen importlib._bootstrap>", line 971, in _find_and_load
  File "<frozen importlib._bootstrap>", line 941, in _find_and_load_unlocked
  File "<frozen importlib._bootstrap>", line 219, in _call_with_frames_removed
  File "<frozen importlib._bootstrap>", line 994, in _gcd_import
  File "<frozen importlib._bootstrap>", line 971, in _find_and_load
  File "<frozen importlib._bootstrap>", line 953, in _find_and_load_unlocked
ModuleNotFoundError: No module named 'utils'

During handling of the above exception, another exception occurred:

Traceback (most recent call last):
  File "C:\Users\A Yong\AppData\Local\Programs\Python\Python36\lib\site-packages\django\core\handlers\exception.py", line 35, in inner
    response = get_response(request)
  File "C:\Users\A Yong\AppData\Local\Programs\Python\Python36\lib\site-packages\django\core\handlers\base.py", line 128, in _get_response
    response = self.process_exception_by_middleware(e, request)
  File "C:\Users\A Yong\AppData\Local\Programs\Python\Python36\lib\site-packages\django\core\handlers\base.py", line 126, in _get_response
    response = wrapped_callback(request, *callback_args, **callback_kwargs)
  File "C:\Users\A Yong\AppData\Local\Programs\Python\Python36\lib\site-packages\django\views\decorators\csrf.py", line 54, in wrapped_view
    return view_func(*args, **kwargs)
  File "C:\Users\A Yong\AppData\Local\Programs\Python\Python36\lib\site-packages\django\views\generic\base.py", line 69, in view
    return self.dispatch(request, *args, **kwargs)
  File "C:\Users\A Yong\AppData\Local\Programs\Python\Python36\lib\site-packages\rest_framework\views.py", line 497, in dispatch
    response = self.handle_exception(exc)
  File "C:\Users\A Yong\AppData\Local\Programs\Python\Python36\lib\site-packages\rest_framework\views.py", line 451, in handle_exception
    exception_handler = self.get_exception_handler()
  File "C:\Users\A Yong\AppData\Local\Programs\Python\Python36\lib\site-packages\rest_framework\views.py", line 298, in get_exception_handler
    return self.settings.EXCEPTION_HANDLER
  File "C:\Users\A Yong\AppData\Local\Programs\Python\Python36\lib\site-packages\rest_framework\settings.py", line 220, in __getattr__
    val = perform_import(val, attr)
  File "C:\Users\A Yong\AppData\Local\Programs\Python\Python36\lib\site-packages\rest_framework\settings.py", line 166, in perform_import
    return import_from_string(val, setting_name)
  File "C:\Users\A Yong\AppData\Local\Programs\Python\Python36\lib\site-packages\rest_framework\settings.py", line 180, in import_from_string
    raise ImportError(msg)
ImportError: Could not import 'utils.exceptions.exception_handler' for API setting 'EXCEPTION_HANDLER'. ModuleNotFoundError: No module named 'utils'.
ERROR 2020-07-09 01:14:11,059 basehttp 124 "GET /home/nav/ HTTP/1.1" 500 185657
ERROR 2020-07-09 01:14:11,060 basehttp 124 "GET /home/nav/ HTTP/1.1" 500 59
INFO 2020-07-09 01:14:12,476 basehttp 124 "GET /home/banner/ HTTP/1.1" 200 338
ERROR 2020-07-09 01:14:12,483 exception 118 Internal Server Error: /home/nav/
Traceback (most recent call last):
  File "C:\Users\A Yong\AppData\Local\Programs\Python\Python36\lib\site-packages\rest_framework\views.py", line 494, in dispatch
    response = handler(request, *args, **kwargs)
  File "C:\Users\A Yong\AppData\Local\Programs\Python\Python36\lib\site-packages\rest_framework\generics.py", line 199, in get
    return self.list(request, *args, **kwargs)
  File "C:\Users\A Yong\AppData\Local\Programs\Python\Python36\lib\site-packages\rest_framework\mixins.py", line 46, in list
    return Response(serializer.data)
  File "C:\Users\A Yong\AppData\Local\Programs\Python\Python36\lib\site-packages\rest_framework\serializers.py", line 757, in data
    ret = super().data
  File "C:\Users\A Yong\AppData\Local\Programs\Python\Python36\lib\site-packages\rest_framework\serializers.py", line 261, in data
    self._data = self.to_representation(self.instance)
  File "C:\Users\A Yong\AppData\Local\Programs\Python\Python36\lib\site-packages\rest_framework\serializers.py", line 675, in to_representation
    self.child.to_representation(item) for item in iterable
  File "C:\Users\A Yong\AppData\Local\Programs\Python\Python36\lib\site-packages\rest_framework\serializers.py", line 675, in <listcomp>
    self.child.to_representation(item) for item in iterable
  File "C:\Users\A Yong\AppData\Local\Programs\Python\Python36\lib\site-packages\rest_framework\serializers.py", line 511, in to_representation
    for field in fields:
  File "C:\Users\A Yong\AppData\Local\Programs\Python\Python36\lib\site-packages\rest_framework\serializers.py", line 372, in _readable_fields
    for field in self.fields.values():
  File "C:\Users\A Yong\AppData\Local\Programs\Python\Python36\lib\site-packages\django\utils\functional.py", line 36, in __get__
    res = instance.__dict__[self.name] = self.func(instance)
  File "C:\Users\A Yong\AppData\Local\Programs\Python\Python36\lib\site-packages\rest_framework\serializers.py", line 360, in fields
    for key, value in self.get_fields().items():
  File "C:\Users\A Yong\AppData\Local\Programs\Python\Python36\lib\site-packages\rest_framework\serializers.py", line 1047, in get_fields
    source, info, model, depth
  File "C:\Users\A Yong\AppData\Local\Programs\Python\Python36\lib\site-packages\rest_framework\serializers.py", line 1192, in build_field
    return self.build_unknown_field(field_name, model_class)
  File "C:\Users\A Yong\AppData\Local\Programs\Python\Python36\lib\site-packages\rest_framework\serializers.py", line 1309, in build_unknown_field
    (field_name, model_class.__name__)
django.core.exceptions.ImproperlyConfigured: Field name `position` is not valid for model `Banner`.

During handling of the above exception, another exception occurred:

Traceback (most recent call last):
  File "C:\Users\A Yong\AppData\Local\Programs\Python\Python36\lib\site-packages\rest_framework\settings.py", line 177, in import_from_string
    return import_string(val)
  File "C:\Users\A Yong\AppData\Local\Programs\Python\Python36\lib\site-packages\django\utils\module_loading.py", line 17, in import_string
    module = import_module(module_path)
  File "C:\Users\A Yong\AppData\Local\Programs\Python\Python36\lib\importlib\__init__.py", line 126, in import_module
    return _bootstrap._gcd_import(name[level:], package, level)
  File "<frozen importlib._bootstrap>", line 994, in _gcd_import
  File "<frozen importlib._bootstrap>", line 971, in _find_and_load
  File "<frozen importlib._bootstrap>", line 941, in _find_and_load_unlocked
  File "<frozen importlib._bootstrap>", line 219, in _call_with_frames_removed
  File "<frozen importlib._bootstrap>", line 994, in _gcd_import
  File "<frozen importlib._bootstrap>", line 971, in _find_and_load
  File "<frozen importlib._bootstrap>", line 953, in _find_and_load_unlocked
ModuleNotFoundError: No module named 'utils'

During handling of the above exception, another exception occurred:

Traceback (most recent call last):
  File "C:\Users\A Yong\AppData\Local\Programs\Python\Python36\lib\site-packages\django\core\handlers\exception.py", line 35, in inner
    response = get_response(request)
  File "C:\Users\A Yong\AppData\Local\Programs\Python\Python36\lib\site-packages\django\core\handlers\base.py", line 128, in _get_response
    response = self.process_exception_by_middleware(e, request)
  File "C:\Users\A Yong\AppData\Local\Programs\Python\Python36\lib\site-packages\django\core\handlers\base.py", line 126, in _get_response
    response = wrapped_callback(request, *callback_args, **callback_kwargs)
  File "C:\Users\A Yong\AppData\Local\Programs\Python\Python36\lib\site-packages\django\views\decorators\csrf.py", line 54, in wrapped_view
    return view_func(*args, **kwargs)
  File "C:\Users\A Yong\AppData\Local\Programs\Python\Python36\lib\site-packages\django\views\generic\base.py", line 69, in view
    return self.dispatch(request, *args, **kwargs)
  File "C:\Users\A Yong\AppData\Local\Programs\Python\Python36\lib\site-packages\rest_framework\views.py", line 497, in dispatch
    response = self.handle_exception(exc)
  File "C:\Users\A Yong\AppData\Local\Programs\Python\Python36\lib\site-packages\rest_framework\views.py", line 451, in handle_exception
    exception_handler = self.get_exception_handler()
  File "C:\Users\A Yong\AppData\Local\Programs\Python\Python36\lib\site-packages\rest_framework\views.py", line 298, in get_exception_handler
    return self.settings.EXCEPTION_HANDLER
  File "C:\Users\A Yong\AppData\Local\Programs\Python\Python36\lib\site-packages\rest_framework\settings.py", line 220, in __getattr__
    val = perform_import(val, attr)
  File "C:\Users\A Yong\AppData\Local\Programs\Python\Python36\lib\site-packages\rest_framework\settings.py", line 166, in perform_import
    return import_from_string(val, setting_name)
  File "C:\Users\A Yong\AppData\Local\Programs\Python\Python36\lib\site-packages\rest_framework\settings.py", line 180, in import_from_string
    raise ImportError(msg)
ImportError: Could not import 'utils.exceptions.exception_handler' for API setting 'EXCEPTION_HANDLER'. ModuleNotFoundError: No module named 'utils'.
INFO 2020-07-09 01:14:12,498 basehttp 124 "GET /media/banner/preview_m9Y5WMe.jpg HTTP/1.1" 304 0
INFO 2020-07-09 01:14:12,498 basehttp 124 "GET /media/banner/preview_OFJ3itN.jpg HTTP/1.1" 304 0
INFO 2020-07-09 01:14:12,498 basehttp 124 "GET /media/banner/preview.jpg HTTP/1.1" 304 0
ERROR 2020-07-09 01:14:12,540 basehttp 124 "GET /home/nav/ HTTP/1.1" 500 185657
ERROR 2020-07-09 01:14:16,572 exception 118 Internal Server Error: /home/nav/
Traceback (most recent call last):
  File "C:\Users\A Yong\AppData\Local\Programs\Python\Python36\lib\site-packages\rest_framework\views.py", line 494, in dispatch
    response = handler(request, *args, **kwargs)
  File "C:\Users\A Yong\AppData\Local\Programs\Python\Python36\lib\site-packages\rest_framework\generics.py", line 199, in get
    return self.list(request, *args, **kwargs)
  File "C:\Users\A Yong\AppData\Local\Programs\Python\Python36\lib\site-packages\rest_framework\mixins.py", line 46, in list
    return Response(serializer.data)
  File "C:\Users\A Yong\AppData\Local\Programs\Python\Python36\lib\site-packages\rest_framework\serializers.py", line 757, in data
    ret = super().data
  File "C:\Users\A Yong\AppData\Local\Programs\Python\Python36\lib\site-packages\rest_framework\serializers.py", line 261, in data
    self._data = self.to_representation(self.instance)
  File "C:\Users\A Yong\AppData\Local\Programs\Python\Python36\lib\site-packages\rest_framework\serializers.py", line 675, in to_representation
    self.child.to_representation(item) for item in iterable
  File "C:\Users\A Yong\AppData\Local\Programs\Python\Python36\lib\site-packages\rest_framework\serializers.py", line 675, in <listcomp>
    self.child.to_representation(item) for item in iterable
  File "C:\Users\A Yong\AppData\Local\Programs\Python\Python36\lib\site-packages\rest_framework\serializers.py", line 511, in to_representation
    for field in fields:
  File "C:\Users\A Yong\AppData\Local\Programs\Python\Python36\lib\site-packages\rest_framework\serializers.py", line 372, in _readable_fields
    for field in self.fields.values():
  File "C:\Users\A Yong\AppData\Local\Programs\Python\Python36\lib\site-packages\django\utils\functional.py", line 36, in __get__
    res = instance.__dict__[self.name] = self.func(instance)
  File "C:\Users\A Yong\AppData\Local\Programs\Python\Python36\lib\site-packages\rest_framework\serializers.py", line 360, in fields
    for key, value in self.get_fields().items():
  File "C:\Users\A Yong\AppData\Local\Programs\Python\Python36\lib\site-packages\rest_framework\serializers.py", line 1047, in get_fields
    source, info, model, depth
  File "C:\Users\A Yong\AppData\Local\Programs\Python\Python36\lib\site-packages\rest_framework\serializers.py", line 1192, in build_field
    return self.build_unknown_field(field_name, model_class)
  File "C:\Users\A Yong\AppData\Local\Programs\Python\Python36\lib\site-packages\rest_framework\serializers.py", line 1309, in build_unknown_field
    (field_name, model_class.__name__)
django.core.exceptions.ImproperlyConfigured: Field name `position` is not valid for model `Banner`.

During handling of the above exception, another exception occurred:

Traceback (most recent call last):
  File "C:\Users\A Yong\AppData\Local\Programs\Python\Python36\lib\site-packages\rest_framework\settings.py", line 177, in import_from_string
    return import_string(val)
  File "C:\Users\A Yong\AppData\Local\Programs\Python\Python36\lib\site-packages\django\utils\module_loading.py", line 17, in import_string
    module = import_module(module_path)
  File "C:\Users\A Yong\AppData\Local\Programs\Python\Python36\lib\importlib\__init__.py", line 126, in import_module
    return _bootstrap._gcd_import(name[level:], package, level)
  File "<frozen importlib._bootstrap>", line 994, in _gcd_import
  File "<frozen importlib._bootstrap>", line 971, in _find_and_load
  File "<frozen importlib._bootstrap>", line 941, in _find_and_load_unlocked
  File "<frozen importlib._bootstrap>", line 219, in _call_with_frames_removed
  File "<frozen importlib._bootstrap>", line 994, in _gcd_import
  File "<frozen importlib._bootstrap>", line 971, in _find_and_load
  File "<frozen importlib._bootstrap>", line 953, in _find_and_load_unlocked
ModuleNotFoundError: No module named 'utils'

During handling of the above exception, another exception occurred:

Traceback (most recent call last):
  File "C:\Users\A Yong\AppData\Local\Programs\Python\Python36\lib\site-packages\django\core\handlers\exception.py", line 35, in inner
    response = get_response(request)
  File "C:\Users\A Yong\AppData\Local\Programs\Python\Python36\lib\site-packages\django\core\handlers\base.py", line 128, in _get_response
    response = self.process_exception_by_middleware(e, request)
  File "C:\Users\A Yong\AppData\Local\Programs\Python\Python36\lib\site-packages\django\core\handlers\base.py", line 126, in _get_response
    response = wrapped_callback(request, *callback_args, **callback_kwargs)
  File "C:\Users\A Yong\AppData\Local\Programs\Python\Python36\lib\site-packages\django\views\decorators\csrf.py", line 54, in wrapped_view
    return view_func(*args, **kwargs)
  File "C:\Users\A Yong\AppData\Local\Programs\Python\Python36\lib\site-packages\django\views\generic\base.py", line 69, in view
    return self.dispatch(request, *args, **kwargs)
  File "C:\Users\A Yong\AppData\Local\Programs\Python\Python36\lib\site-packages\rest_framework\views.py", line 497, in dispatch
    response = self.handle_exception(exc)
  File "C:\Users\A Yong\AppData\Local\Programs\Python\Python36\lib\site-packages\rest_framework\views.py", line 451, in handle_exception
    exception_handler = self.get_exception_handler()
  File "C:\Users\A Yong\AppData\Local\Programs\Python\Python36\lib\site-packages\rest_framework\views.py", line 298, in get_exception_handler
    return self.settings.EXCEPTION_HANDLER
  File "C:\Users\A Yong\AppData\Local\Programs\Python\Python36\lib\site-packages\rest_framework\settings.py", line 220, in __getattr__
    val = perform_import(val, attr)
  File "C:\Users\A Yong\AppData\Local\Programs\Python\Python36\lib\site-packages\rest_framework\settings.py", line 166, in perform_import
    return import_from_string(val, setting_name)
  File "C:\Users\A Yong\AppData\Local\Programs\Python\Python36\lib\site-packages\rest_framework\settings.py", line 180, in import_from_string
    raise ImportError(msg)
ImportError: Could not import 'utils.exceptions.exception_handler' for API setting 'EXCEPTION_HANDLER'. ModuleNotFoundError: No module named 'utils'.
ERROR 2020-07-09 01:14:16,614 basehttp 124 "GET /home/nav/ HTTP/1.1" 500 185657
INFO 2020-07-09 01:15:24,256 basehttp 124 "GET /home/banner/ HTTP/1.1" 200 338
INFO 2020-07-09 01:15:40,190 basehttp 124 "GET /home/banner/ HTTP/1.1" 200 338
ERROR 2020-07-09 01:15:40,202 exception 118 Internal Server Error: /home/nav/
Traceback (most recent call last):
  File "C:\Users\A Yong\AppData\Local\Programs\Python\Python36\lib\site-packages\rest_framework\views.py", line 494, in dispatch
    response = handler(request, *args, **kwargs)
  File "C:\Users\A Yong\AppData\Local\Programs\Python\Python36\lib\site-packages\rest_framework\generics.py", line 199, in get
    return self.list(request, *args, **kwargs)
  File "C:\Users\A Yong\AppData\Local\Programs\Python\Python36\lib\site-packages\rest_framework\mixins.py", line 46, in list
    return Response(serializer.data)
  File "C:\Users\A Yong\AppData\Local\Programs\Python\Python36\lib\site-packages\rest_framework\serializers.py", line 757, in data
    ret = super().data
  File "C:\Users\A Yong\AppData\Local\Programs\Python\Python36\lib\site-packages\rest_framework\serializers.py", line 261, in data
    self._data = self.to_representation(self.instance)
  File "C:\Users\A Yong\AppData\Local\Programs\Python\Python36\lib\site-packages\rest_framework\serializers.py", line 675, in to_representation
    self.child.to_representation(item) for item in iterable
  File "C:\Users\A Yong\AppData\Local\Programs\Python\Python36\lib\site-packages\rest_framework\serializers.py", line 675, in <listcomp>
    self.child.to_representation(item) for item in iterable
  File "C:\Users\A Yong\AppData\Local\Programs\Python\Python36\lib\site-packages\rest_framework\serializers.py", line 511, in to_representation
    for field in fields:
  File "C:\Users\A Yong\AppData\Local\Programs\Python\Python36\lib\site-packages\rest_framework\serializers.py", line 372, in _readable_fields
    for field in self.fields.values():
  File "C:\Users\A Yong\AppData\Local\Programs\Python\Python36\lib\site-packages\django\utils\functional.py", line 36, in __get__
    res = instance.__dict__[self.name] = self.func(instance)
  File "C:\Users\A Yong\AppData\Local\Programs\Python\Python36\lib\site-packages\rest_framework\serializers.py", line 360, in fields
    for key, value in self.get_fields().items():
  File "C:\Users\A Yong\AppData\Local\Programs\Python\Python36\lib\site-packages\rest_framework\serializers.py", line 1047, in get_fields
    source, info, model, depth
  File "C:\Users\A Yong\AppData\Local\Programs\Python\Python36\lib\site-packages\rest_framework\serializers.py", line 1192, in build_field
    return self.build_unknown_field(field_name, model_class)
  File "C:\Users\A Yong\AppData\Local\Programs\Python\Python36\lib\site-packages\rest_framework\serializers.py", line 1309, in build_unknown_field
    (field_name, model_class.__name__)
django.core.exceptions.ImproperlyConfigured: Field name `position` is not valid for model `Banner`.

During handling of the above exception, another exception occurred:

Traceback (most recent call last):
  File "C:\Users\A Yong\AppData\Local\Programs\Python\Python36\lib\site-packages\rest_framework\settings.py", line 177, in import_from_string
    return import_string(val)
  File "C:\Users\A Yong\AppData\Local\Programs\Python\Python36\lib\site-packages\django\utils\module_loading.py", line 17, in import_string
    module = import_module(module_path)
  File "C:\Users\A Yong\AppData\Local\Programs\Python\Python36\lib\importlib\__init__.py", line 126, in import_module
    return _bootstrap._gcd_import(name[level:], package, level)
  File "<frozen importlib._bootstrap>", line 994, in _gcd_import
  File "<frozen importlib._bootstrap>", line 971, in _find_and_load
  File "<frozen importlib._bootstrap>", line 941, in _find_and_load_unlocked
  File "<frozen importlib._bootstrap>", line 219, in _call_with_frames_removed
  File "<frozen importlib._bootstrap>", line 994, in _gcd_import
  File "<frozen importlib._bootstrap>", line 971, in _find_and_load
  File "<frozen importlib._bootstrap>", line 953, in _find_and_load_unlocked
ModuleNotFoundError: No module named 'utils'

During handling of the above exception, another exception occurred:

Traceback (most recent call last):
  File "C:\Users\A Yong\AppData\Local\Programs\Python\Python36\lib\site-packages\django\core\handlers\exception.py", line 35, in inner
    response = get_response(request)
  File "C:\Users\A Yong\AppData\Local\Programs\Python\Python36\lib\site-packages\django\core\handlers\base.py", line 128, in _get_response
    response = self.process_exception_by_middleware(e, request)
  File "C:\Users\A Yong\AppData\Local\Programs\Python\Python36\lib\site-packages\django\core\handlers\base.py", line 126, in _get_response
    response = wrapped_callback(request, *callback_args, **callback_kwargs)
  File "C:\Users\A Yong\AppData\Local\Programs\Python\Python36\lib\site-packages\django\views\decorators\csrf.py", line 54, in wrapped_view
    return view_func(*args, **kwargs)
  File "C:\Users\A Yong\AppData\Local\Programs\Python\Python36\lib\site-packages\django\views\generic\base.py", line 69, in view
    return self.dispatch(request, *args, **kwargs)
  File "C:\Users\A Yong\AppData\Local\Programs\Python\Python36\lib\site-packages\rest_framework\views.py", line 497, in dispatch
    response = self.handle_exception(exc)
  File "C:\Users\A Yong\AppData\Local\Programs\Python\Python36\lib\site-packages\rest_framework\views.py", line 451, in handle_exception
    exception_handler = self.get_exception_handler()
  File "C:\Users\A Yong\AppData\Local\Programs\Python\Python36\lib\site-packages\rest_framework\views.py", line 298, in get_exception_handler
    return self.settings.EXCEPTION_HANDLER
  File "C:\Users\A Yong\AppData\Local\Programs\Python\Python36\lib\site-packages\rest_framework\settings.py", line 220, in __getattr__
    val = perform_import(val, attr)
  File "C:\Users\A Yong\AppData\Local\Programs\Python\Python36\lib\site-packages\rest_framework\settings.py", line 166, in perform_import
    return import_from_string(val, setting_name)
  File "C:\Users\A Yong\AppData\Local\Programs\Python\Python36\lib\site-packages\rest_framework\settings.py", line 180, in import_from_string
    raise ImportError(msg)
ImportError: Could not import 'utils.exceptions.exception_handler' for API setting 'EXCEPTION_HANDLER'. ModuleNotFoundError: No module named 'utils'.
ERROR 2020-07-09 01:15:40,249 basehttp 124 "GET /home/nav/ HTTP/1.1" 500 185657
ERROR 2020-07-09 01:15:44,294 exception 118 Internal Server Error: /home/nav/
Traceback (most recent call last):
  File "C:\Users\A Yong\AppData\Local\Programs\Python\Python36\lib\site-packages\rest_framework\views.py", line 494, in dispatch
    response = handler(request, *args, **kwargs)
  File "C:\Users\A Yong\AppData\Local\Programs\Python\Python36\lib\site-packages\rest_framework\generics.py", line 199, in get
    return self.list(request, *args, **kwargs)
  File "C:\Users\A Yong\AppData\Local\Programs\Python\Python36\lib\site-packages\rest_framework\mixins.py", line 46, in list
    return Response(serializer.data)
  File "C:\Users\A Yong\AppData\Local\Programs\Python\Python36\lib\site-packages\rest_framework\serializers.py", line 757, in data
    ret = super().data
  File "C:\Users\A Yong\AppData\Local\Programs\Python\Python36\lib\site-packages\rest_framework\serializers.py", line 261, in data
    self._data = self.to_representation(self.instance)
  File "C:\Users\A Yong\AppData\Local\Programs\Python\Python36\lib\site-packages\rest_framework\serializers.py", line 675, in to_representation
    self.child.to_representation(item) for item in iterable
  File "C:\Users\A Yong\AppData\Local\Programs\Python\Python36\lib\site-packages\rest_framework\serializers.py", line 675, in <listcomp>
    self.child.to_representation(item) for item in iterable
  File "C:\Users\A Yong\AppData\Local\Programs\Python\Python36\lib\site-packages\rest_framework\serializers.py", line 511, in to_representation
    for field in fields:
  File "C:\Users\A Yong\AppData\Local\Programs\Python\Python36\lib\site-packages\rest_framework\serializers.py", line 372, in _readable_fields
    for field in self.fields.values():
  File "C:\Users\A Yong\AppData\Local\Programs\Python\Python36\lib\site-packages\django\utils\functional.py", line 36, in __get__
    res = instance.__dict__[self.name] = self.func(instance)
  File "C:\Users\A Yong\AppData\Local\Programs\Python\Python36\lib\site-packages\rest_framework\serializers.py", line 360, in fields
    for key, value in self.get_fields().items():
  File "C:\Users\A Yong\AppData\Local\Programs\Python\Python36\lib\site-packages\rest_framework\serializers.py", line 1047, in get_fields
    source, info, model, depth
  File "C:\Users\A Yong\AppData\Local\Programs\Python\Python36\lib\site-packages\rest_framework\serializers.py", line 1192, in build_field
    return self.build_unknown_field(field_name, model_class)
  File "C:\Users\A Yong\AppData\Local\Programs\Python\Python36\lib\site-packages\rest_framework\serializers.py", line 1309, in build_unknown_field
    (field_name, model_class.__name__)
django.core.exceptions.ImproperlyConfigured: Field name `position` is not valid for model `Banner`.

During handling of the above exception, another exception occurred:

Traceback (most recent call last):
  File "C:\Users\A Yong\AppData\Local\Programs\Python\Python36\lib\site-packages\rest_framework\settings.py", line 177, in import_from_string
    return import_string(val)
  File "C:\Users\A Yong\AppData\Local\Programs\Python\Python36\lib\site-packages\django\utils\module_loading.py", line 17, in import_string
    module = import_module(module_path)
  File "C:\Users\A Yong\AppData\Local\Programs\Python\Python36\lib\importlib\__init__.py", line 126, in import_module
    return _bootstrap._gcd_import(name[level:], package, level)
  File "<frozen importlib._bootstrap>", line 994, in _gcd_import
  File "<frozen importlib._bootstrap>", line 971, in _find_and_load
  File "<frozen importlib._bootstrap>", line 941, in _find_and_load_unlocked
  File "<frozen importlib._bootstrap>", line 219, in _call_with_frames_removed
  File "<frozen importlib._bootstrap>", line 994, in _gcd_import
  File "<frozen importlib._bootstrap>", line 971, in _find_and_load
  File "<frozen importlib._bootstrap>", line 953, in _find_and_load_unlocked
ModuleNotFoundError: No module named 'utils'

During handling of the above exception, another exception occurred:

Traceback (most recent call last):
  File "C:\Users\A Yong\AppData\Local\Programs\Python\Python36\lib\site-packages\django\core\handlers\exception.py", line 35, in inner
    response = get_response(request)
  File "C:\Users\A Yong\AppData\Local\Programs\Python\Python36\lib\site-packages\django\core\handlers\base.py", line 128, in _get_response
    response = self.process_exception_by_middleware(e, request)
  File "C:\Users\A Yong\AppData\Local\Programs\Python\Python36\lib\site-packages\django\core\handlers\base.py", line 126, in _get_response
    response = wrapped_callback(request, *callback_args, **callback_kwargs)
  File "C:\Users\A Yong\AppData\Local\Programs\Python\Python36\lib\site-packages\django\views\decorators\csrf.py", line 54, in wrapped_view
    return view_func(*args, **kwargs)
  File "C:\Users\A Yong\AppData\Local\Programs\Python\Python36\lib\site-packages\django\views\generic\base.py", line 69, in view
    return self.dispatch(request, *args, **kwargs)
  File "C:\Users\A Yong\AppData\Local\Programs\Python\Python36\lib\site-packages\rest_framework\views.py", line 497, in dispatch
    response = self.handle_exception(exc)
  File "C:\Users\A Yong\AppData\Local\Programs\Python\Python36\lib\site-packages\rest_framework\views.py", line 451, in handle_exception
    exception_handler = self.get_exception_handler()
  File "C:\Users\A Yong\AppData\Local\Programs\Python\Python36\lib\site-packages\rest_framework\views.py", line 298, in get_exception_handler
    return self.settings.EXCEPTION_HANDLER
  File "C:\Users\A Yong\AppData\Local\Programs\Python\Python36\lib\site-packages\rest_framework\settings.py", line 220, in __getattr__
    val = perform_import(val, attr)
  File "C:\Users\A Yong\AppData\Local\Programs\Python\Python36\lib\site-packages\rest_framework\settings.py", line 166, in perform_import
    return import_from_string(val, setting_name)
  File "C:\Users\A Yong\AppData\Local\Programs\Python\Python36\lib\site-packages\rest_framework\settings.py", line 180, in import_from_string
    raise ImportError(msg)
ImportError: Could not import 'utils.exceptions.exception_handler' for API setting 'EXCEPTION_HANDLER'. ModuleNotFoundError: No module named 'utils'.
ERROR 2020-07-09 01:15:44,340 basehttp 124 "GET /home/nav/ HTTP/1.1" 500 185657
INFO 2020-07-09 01:17:28,199 basehttp 124 "GET /home/nav/ HTTP/1.1" 200 66
INFO 2020-07-09 01:17:28,200 basehttp 124 "GET /home/banner/ HTTP/1.1" 200 338
INFO 2020-07-09 01:17:32,247 basehttp 124 "GET /home/nav/ HTTP/1.1" 200 66
INFO 2020-07-09 01:19:06,981 basehttp 124 "GET /xadmin/home/nav/7/update/ HTTP/1.1" 200 19493
INFO 2020-07-09 01:19:07,004 basehttp 124 "GET /static/xadmin/vendor/bootstrap/css/bootstrap.css HTTP/1.1" 304 0
INFO 2020-07-09 01:19:07,004 basehttp 124 "GET /static/xadmin/css/themes/bootstrap-xadmin.css HTTP/1.1" 304 0
INFO 2020-07-09 01:19:07,010 basehttp 124 "GET /static/xadmin/vendor/font-awesome/css/font-awesome.css HTTP/1.1" 304 0
INFO 2020-07-09 01:19:07,027 basehttp 124 "GET /static/xadmin/css/xadmin.plugins.css HTTP/1.1" 304 0
INFO 2020-07-09 01:19:07,028 basehttp 124 "GET /static/xadmin/css/xadmin.responsive.css HTTP/1.1" 304 0
INFO 2020-07-09 01:19:07,028 basehttp 124 "GET /static/xadmin/vendor/selectize/selectize.css HTTP/1.1" 304 0
INFO 2020-07-09 01:19:07,028 basehttp 124 "GET /static/xadmin/css/xadmin.main.css HTTP/1.1" 304 0
INFO 2020-07-09 01:19:07,029 basehttp 124 "GET /static/xadmin/vendor/select2/select2.css HTTP/1.1" 304 0
INFO 2020-07-09 01:19:07,029 basehttp 124 "GET /static/xadmin/vendor/selectize/selectize.bootstrap3.css HTTP/1.1" 304 0
INFO 2020-07-09 01:19:07,034 basehttp 124 "GET /static/xadmin/vendor/jquery-ui/jquery.ui.core.js HTTP/1.1" 304 0
INFO 2020-07-09 01:19:07,036 basehttp 124 "GET /static/xadmin/vendor/jquery/jquery.js HTTP/1.1" 304 0
INFO 2020-07-09 01:19:07,039 basehttp 124 "GET /static/xadmin/css/xadmin.form.css HTTP/1.1" 304 0
INFO 2020-07-09 01:19:07,040 basehttp 124 "GET /static/xadmin/vendor/jquery-ui/jquery.ui.widget.js HTTP/1.1" 304 0
INFO 2020-07-09 01:19:07,040 basehttp 124 "GET /static/xadmin/vendor/jquery-ui/jquery.ui.sortable.js HTTP/1.1" 304 0
INFO 2020-07-09 01:19:07,040 basehttp 124 "GET /static/xadmin/vendor/jquery-ui/jquery.ui.mouse.js HTTP/1.1" 304 0
INFO 2020-07-09 01:19:07,041 basehttp 124 "GET /static/xadmin/js/xadmin.main.js HTTP/1.1" 304 0
INFO 2020-07-09 01:19:07,043 basehttp 124 "GET /static/xadmin/js/xadmin.responsive.js HTTP/1.1" 304 0
INFO 2020-07-09 01:19:07,045 basehttp 124 "GET /static/xadmin/vendor/jquery-ui/jquery.ui.effect.js HTTP/1.1" 304 0
INFO 2020-07-09 01:19:07,048 basehttp 124 "GET /static/xadmin/js/xadmin.plugin.themes.js HTTP/1.1" 304 0
INFO 2020-07-09 01:19:07,054 basehttp 124 "GET /static/xadmin/js/xadmin.plugin.portal.js HTTP/1.1" 304 0
INFO 2020-07-09 01:19:07,054 basehttp 124 "GET /static/xadmin/vendor/select2/select2.js HTTP/1.1" 304 0
INFO 2020-07-09 01:19:07,055 basehttp 124 "GET /static/xadmin/vendor/select2/select2_locale_zh-hans.js HTTP/1.1" 304 0
INFO 2020-07-09 01:19:07,055 basehttp 124 "GET /static/xadmin/vendor/selectize/selectize.js HTTP/1.1" 304 0
INFO 2020-07-09 01:19:07,055 basehttp 124 "GET /static/xadmin/js/xadmin.widget.select.js HTTP/1.1" 304 0
INFO 2020-07-09 01:19:07,063 basehttp 124 "GET /static/xadmin/vendor/bootstrap/js/bootstrap.js HTTP/1.1" 304 0
INFO 2020-07-09 01:19:07,064 basehttp 124 "GET /static/xadmin/js/xadmin.page.form.js HTTP/1.1" 304 0
INFO 2020-07-09 01:19:11,082 basehttp 124 "GET /xadmin/jsi18n/ HTTP/1.1" 200 7684
INFO 2020-07-09 01:19:11,097 basehttp 124 "GET /static/xadmin/vendor/font-awesome/fonts/fontawesome-webfont.woff?v=4.0.3 HTTP/1.1" 304 0
INFO 2020-07-09 01:19:26,861 basehttp 124 "POST /xadmin/home/nav/7/update/ HTTP/1.1" 302 0
INFO 2020-07-09 01:19:30,962 basehttp 124 "GET /xadmin/home/nav/ HTTP/1.1" 200 33749
INFO 2020-07-09 01:19:30,994 basehttp 124 "GET /static/xadmin/js/xadmin.plugin.bookmark.js HTTP/1.1" 304 0
INFO 2020-07-09 01:19:30,995 basehttp 124 "GET /static/xadmin/js/xadmin.plugin.filters.js HTTP/1.1" 304 0
INFO 2020-07-09 01:19:30,995 basehttp 124 "GET /static/xadmin/js/xadmin.plugin.details.js HTTP/1.1" 304 0
INFO 2020-07-09 01:19:30,995 basehttp 124 "GET /static/xadmin/js/xadmin.plugin.actions.js HTTP/1.1" 304 0
INFO 2020-07-09 01:19:30,995 basehttp 124 "GET /static/xadmin/js/xadmin.page.list.js HTTP/1.1" 304 0
INFO 2020-07-09 01:19:35,002 basehttp 124 "GET /xadmin/jsi18n/ HTTP/1.1" 200 7684
INFO 2020-07-09 01:20:41,481 basehttp 124 "GET /home/nav/ HTTP/1.1" 200 66
ERROR 2020-07-09 01:20:41,482 basehttp 124 "GET /home/nav/ HTTP/1.1" 500 59
INFO 2020-07-09 01:20:42,284 basehttp 124 "GET /home/banner/ HTTP/1.1" 200 338
INFO 2020-07-09 01:20:42,287 basehttp 124 "GET /home/nav/ HTTP/1.1" 200 66
INFO 2020-07-09 01:20:46,314 basehttp 124 "GET /home/nav/ HTTP/1.1" 200 66
INFO 2020-07-09 01:22:00,827 basehttp 124 "GET /home/banner/ HTTP/1.1" 200 338
INFO 2020-07-09 01:22:00,829 basehttp 124 "GET /home/nav/ HTTP/1.1" 200 66
INFO 2020-07-09 01:22:04,855 basehttp 124 "GET /home/nav/ HTTP/1.1" 200 66
INFO 2020-07-09 01:22:30,770 basehttp 124 "GET /xadmin/home/nav/7/update/ HTTP/1.1" 200 19493
INFO 2020-07-09 01:22:34,817 basehttp 124 "GET /xadmin/jsi18n/ HTTP/1.1" 200 7684
INFO 2020-07-09 01:22:43,309 basehttp 124 "POST /xadmin/home/nav/7/update/ HTTP/1.1" 302 0
INFO 2020-07-09 01:22:47,426 basehttp 124 "GET /xadmin/home/nav/ HTTP/1.1" 200 33750
INFO 2020-07-09 01:22:51,465 basehttp 124 "GET /xadmin/jsi18n/ HTTP/1.1" 200 7684
INFO 2020-07-09 01:22:57,023 basehttp 124 "GET /xadmin/home/nav/7/update/ HTTP/1.1" 200 19501
INFO 2020-07-09 01:23:01,058 basehttp 124 "GET /xadmin/jsi18n/ HTTP/1.1" 200 7684
INFO 2020-07-09 01:23:10,862 basehttp 124 "POST /xadmin/home/nav/7/update/ HTTP/1.1" 302 0
INFO 2020-07-09 01:23:14,962 basehttp 124 "GET /xadmin/home/nav/ HTTP/1.1" 200 33750
INFO 2020-07-09 01:23:19,009 basehttp 124 "GET /xadmin/jsi18n/ HTTP/1.1" 200 7684
INFO 2020-07-09 01:23:25,139 basehttp 124 "GET /xadmin/home/nav/6/update/ HTTP/1.1" 200 19493
INFO 2020-07-09 01:23:29,178 basehttp 124 "GET /xadmin/jsi18n/ HTTP/1.1" 200 7684
INFO 2020-07-09 01:23:36,282 basehttp 124 "POST /xadmin/home/nav/6/update/ HTTP/1.1" 302 0
INFO 2020-07-09 01:23:40,361 basehttp 124 "GET /xadmin/home/nav/ HTTP/1.1" 200 33751
INFO 2020-07-09 01:23:44,408 basehttp 124 "GET /xadmin/jsi18n/ HTTP/1.1" 200 7684
INFO 2020-07-09 01:23:50,590 basehttp 124 "GET /xadmin/home/nav/5/update/ HTTP/1.1" 200 19493
INFO 2020-07-09 01:23:54,645 basehttp 124 "GET /xadmin/jsi18n/ HTTP/1.1" 200 7684
INFO 2020-07-09 01:24:00,376 basehttp 124 "POST /xadmin/home/nav/5/update/ HTTP/1.1" 302 0
INFO 2020-07-09 01:24:04,469 basehttp 124 "GET /xadmin/home/nav/ HTTP/1.1" 200 33752
INFO 2020-07-09 01:24:08,524 basehttp 124 "GET /xadmin/jsi18n/ HTTP/1.1" 200 7684
INFO 2020-07-09 01:24:14,181 basehttp 124 "GET /xadmin/home/nav/4/update/ HTTP/1.1" 200 19513
INFO 2020-07-09 01:24:18,231 basehttp 124 "GET /xadmin/jsi18n/ HTTP/1.1" 200 7684
INFO 2020-07-09 01:24:25,057 basehttp 124 "POST /xadmin/home/nav/4/update/ HTTP/1.1" 302 0
INFO 2020-07-09 01:24:29,148 basehttp 124 "GET /xadmin/home/nav/ HTTP/1.1" 200 33758
INFO 2020-07-09 01:24:33,193 basehttp 124 "GET /xadmin/jsi18n/ HTTP/1.1" 200 7684
INFO 2020-07-09 01:24:39,220 basehttp 124 "GET /xadmin/home/nav/3/update/ HTTP/1.1" 200 19517
INFO 2020-07-09 01:24:43,269 basehttp 124 "GET /xadmin/jsi18n/ HTTP/1.1" 200 7684
INFO 2020-07-09 01:24:49,877 basehttp 124 "POST /xadmin/home/nav/3/update/ HTTP/1.1" 302 0
INFO 2020-07-09 01:24:53,976 basehttp 124 "GET /xadmin/home/nav/ HTTP/1.1" 200 33760
INFO 2020-07-09 01:24:58,021 basehttp 124 "GET /xadmin/jsi18n/ HTTP/1.1" 200 7684
INFO 2020-07-09 01:25:03,957 basehttp 124 "GET /xadmin/home/nav/2/update/ HTTP/1.1" 200 19517
INFO 2020-07-09 01:25:08,005 basehttp 124 "GET /xadmin/jsi18n/ HTTP/1.1" 200 7684
INFO 2020-07-09 01:25:14,665 basehttp 124 "POST /xadmin/home/nav/2/update/ HTTP/1.1" 302 0
INFO 2020-07-09 01:25:18,757 basehttp 124 "GET /xadmin/home/nav/ HTTP/1.1" 200 33761
INFO 2020-07-09 01:25:22,804 basehttp 124 "GET /xadmin/jsi18n/ HTTP/1.1" 200 7684
INFO 2020-07-09 01:25:30,685 basehttp 124 "GET /home/banner/ HTTP/1.1" 200 338
INFO 2020-07-09 01:25:30,694 basehttp 124 "GET /home/nav/ HTTP/1.1" 200 449
INFO 2020-07-09 01:25:34,721 basehttp 124 "GET /home/nav/ HTTP/1.1" 200 449
